#
# A fatal error has been detected by the Java Runtime Environment:
#
#  SIGBUS (0xa) at pc=0x000000010a6014e4, pid=27398, tid=9731
#
# JRE version: Java(TM) SE Runtime Environment (17.0.7+8) (build 17.0.7+8-LTS-224)
# Java VM: Java HotSpot(TM) 64-Bit Server VM (17.0.7+8-LTS-224, mixed mode, emulated-client, sharing, tiered, compressed oops, compressed class ptrs, g1 gc, bsd-aarch64)
# Problematic frame:
# v  ~StubRoutines::SafeFetch32
#
# No core dump will be written. Core dumps have been disabled. To enable core dumping, try "ulimit -c unlimited" before starting Java again
#
# JFR recording file will be written. Location: /Users/parkjiseob/code/enhanced-inventory-server/hs_err_pid27398.jfr
#
# If you would like to submit a bug report, please visit:
#   https://bugreport.java.com/bugreport/crash.jsp
#

---------------  S U M M A R Y ------------

Command Line: -XX:TieredStopAtLevel=1 -Dspring.output.ansi.enabled=always -Dcom.sun.management.jmxremote -Dspring.jmx.enabled=true -Dspring.liveBeansView.mbeanDomain -Dspring.application.admin.enabled=true -Dmanagement.endpoints.jmx.exposure.include=* -javaagent:/Applications/IntelliJ IDEA.app/Contents/lib/idea_rt.jar=59847:/Applications/IntelliJ IDEA.app/Contents/bin -agentpath:/private/var/folders/vd/88dzzhx91578tk2lj0zrysfm0000gn/T/libasyncProfiler.so=start,jfr,event=cpu,interval=10ms,jfrsync=profile,cstack=no,file=/Users/parkjiseob/IdeaSnapshots/ServerApplication_2024_01_07_152003.jfr,log=/private/var/folders/vd/88dzzhx91578tk2lj0zrysfm0000gn/T/ServerApplication_2024_01_07_152003.jfr.log.txt,logLevel=DEBUG -Dfile.encoding=UTF-8 enhanced_inventory.server.ServerApplication

Host: "MacBookAir10,1" arm64 1 MHz, 8 cores, 16G, Darwin 21.6.0, macOS 12.5 (21G72)
Time: Sun Jan  7 15:20:05 2024 KST elapsed time: 2.648975 seconds (0d 0h 0m 2s)

---------------  T H R E A D  ---------------

Current thread (0x0000000143095200):  JavaThread "main" [_thread_in_Java, id=9731, stack(0x000000016f2ec000,0x000000016f4ef000)]

Stack: [0x000000016f2ec000,0x000000016f4ef000],  sp=0x000000016f4eae10,  free space=2043k
Native frames: (J=compiled Java code, j=interpreted, Vv=VM code, C=native code)
v  ~StubRoutines::SafeFetch32
V  [libjvm.dylib+0x7ae654]  _ZN2os17is_readable_rangeEPKvS1_+0x2c
V  [libjvm.dylib+0x75eed0]  _ZN6Method15is_valid_methodEPKS_+0x38
V  [libjvm.dylib+0x35793c]  _ZNK5frame26is_interpreted_frame_validEP10JavaThread+0x7c
V  [libjvm.dylib+0x354ab8]  _ZL31forte_fill_call_trace_given_topP10JavaThreadP15ASGCT_CallTracei5frame+0x3b4
V  [libjvm.dylib+0x3546f0]  AsyncGetCallTrace+0x1c8
C  [libasyncProfiler.so+0x3ac54]  _ZN8Profiler17getJavaTraceAsyncEPvP15ASGCT_CallFrameiP12StackContext+0x15c
C  [libasyncProfiler.so+0x3bd04]  _ZN8Profiler21recordSampleForThreadEiPvyiP5EventPi+0x1c4
C  [libasyncProfiler.so+0x4a03c]  _ZN9WallClock13signalHandlerEiP9__siginfoPv+0xa8
C  [libsystem_platform.dylib+0x44a4]  _sigtramp+0x38
C  0x264500010a605c60
J 47 c1 java.util.concurrent.ConcurrentHashMap.addCount(JI)V java.base@17.0.7 (280 bytes) @ 0x000000010a70ac4c [0x000000010a70a980+0x00000000000002cc]
C  0x0000000000000000


siginfo: si_signo: 10 (SIGBUS), si_code: 1 (BUS_ADRALN), si_addr: 0x000000010a6014e4

Register to memory mapping:

 x0=0x0000000800431000 is pointing into metadata
 x1=0x00000000cafebabe is an unknown value
 x2=0x0 is NULL
 x3=0x0 is NULL
 x4=0x000000016f4ebca0 is pointing into the stack for thread: 0x0000000143095200
 x5=0x000000016f4ebca0 is pointing into the stack for thread: 0x0000000143095200
 x6=0x0000000044400000 is an unknown value
 x7=0x000000070f8509b8 is an oop: java.lang.String 
{0x000000070f8509b8} - klass: 'java/lang/String'
 - string: "DSA"
 x8=0x000000010a6014e0 is at begin+0 in a stub
StubRoutines::SafeFetch32 [0x000000010a6014e0, 0x000000010a6014ec] (12 bytes)
 x9=0x000000016f4ec1e0 is pointing into the stack for thread: 0x0000000143095200
x10=0x0 is NULL
x11=0x000000016f4ec250 is pointing into the stack for thread: 0x0000000143095200
x12=0x000000000000214f is an unknown value
x13=0x0 is NULL
x14=0x000000070f850998 is an oop: sun.security.util.KnownOIDs 
{0x000000070f850998} - klass: 'sun/security/util/KnownOIDs'
 - ---- fields (total size 4 words):
 - private final 'ordinal' 'I' @12  185 (b9)
 - private final 'name' 'Ljava/lang/String;' @16  "DSA"{0x000000070f8509b8} (e1f0a137)
 - private 'stdName' 'Ljava/lang/String;' @20  "DSA"{0x000000070f8509b8} (e1f0a137)
 - private 'oid' 'Ljava/lang/String;' @24  "1.2.840.10040.4.1"{0x000000070f8509e8} (e1f0a13d)
 - private 'aliases' '[Ljava/lang/String;' @28  a 'java/lang/String'[0] {0x000000070f850a28} (e1f0a145)
x15=0x0000000000010993 is an unknown value
x16=0x00000001a216b0fc: pthread_getspecific+0 in /usr/lib/system/libsystem_pthread.dylib at 0x00000001a2169000
x17=0x00006000010e2b50 points into unknown readable memory: 0xfffffffffffffffe | fe ff ff ff ff ff ff ff
x18=0x0 is NULL
x19=0x0000000800431000 is pointing into metadata
x20=0x0000000143095200 is a thread
x21=0x0000000000000001 is an unknown value
x22=0x00000001028bc540: _ZN12StubRoutines25_call_stub_return_addressE+0 in /Library/Java/JavaVirtualMachines/jdk-17.jdk/Contents/Home/lib/server/libjvm.dylib at 0x0000000101d14000
x23=0x00000001028bc798: _ZN12StubRoutines18_safefetch32_entryE+0 in /Library/Java/JavaVirtualMachines/jdk-17.jdk/Contents/Home/lib/server/libjvm.dylib at 0x0000000101d14000
x24=0x00000000cafebabe is an unknown value
x25=0x00000001430954a8 points into unknown readable memory: 0x00000001028827d0 | d0 27 88 02 01 00 00 00
x26=0x000000016f4eba20 is pointing into the stack for thread: 0x0000000143095200
x27=0x0000000128014390 points into unknown readable memory: 0x0000000000000108 | 08 01 00 00 00 00 00 00
x28=0x000000010a614ff0 is at code_begin+48 in an Interpreter codelet
monitorenter  194 monitorenter  [0x000000010a614fc0, 0x000000010a615100]  320 bytes


Registers:
 x0=0x0000000800431000  x1=0x00000000cafebabe  x2=0x0000000000000000  x3=0x0000000000000000
 x4=0x000000016f4ebca0  x5=0x000000016f4ebca0  x6=0x0000000044400000  x7=0x000000070f8509b8
 x8=0x000000010a6014e0  x9=0x000000016f4ec1e0 x10=0x0000000000000000 x11=0x000000016f4ec250
x12=0x000000000000214f x13=0x0000000000000000 x14=0x000000070f850998 x15=0x0000000000010993
x16=0x00000001a216b0fc x17=0x00006000010e2b50 x18=0x0000000000000000 x19=0x0000000800431000
x20=0x0000000143095200 x21=0x0000000000000001 x22=0x00000001028bc540 x23=0x00000001028bc798
x24=0x00000000cafebabe x25=0x00000001430954a8 x26=0x000000016f4eba20 x27=0x0000000128014390
x28=0x000000010a614ff0  fp=0x000000016f4eae40  lr=0x00000001024c2054  sp=0x000000016f4eae10
pc=0x000000010a6014e4 cpsr=0x0000000060001000
Top of Stack: (sp=0x000000016f4eae10)
0x000000016f4eae10:   0000000143095200 00000000000007ff
0x000000016f4eae20:   00000001028bc540 0000000800431128
0x000000016f4eae30:   0000000800431000 0000000800431180
0x000000016f4eae40:   000000016f4eae60 00000001024c2654
0x000000016f4eae50:   000000016f4eba70 0000000800431128
0x000000016f4eae60:   000000016f4eae80 0000000102472ed0
0x000000016f4eae70:   000000016f4eba70 0000000143095200
0x000000016f4eae80:   000000016f4eaeb0 000000010206b93c
0x000000016f4eae90:   00000001028bc540 0000000143095200
0x000000016f4eaea0:   0000000000000800 000000016f4ebc00
0x000000016f4eaeb0:   000000016f4ebb20 0000000102068ab8
0x000000016f4eaec0:   0000000000000000 0000000000000000
0x000000016f4eaed0:   000000000004b6e3 0000600001674000
0x000000016f4eaee0:   000000016f4eafa0 000000016f4ec038
0x000000016f4eaef0:   000000016f4eaf80 0000000100d3f594
0x000000016f4eaf00:   0000000000000000 0000000000000007
0x000000016f4eaf10:   0000000000003481 0000000000020acc
0x000000016f4eaf20:   0000000000000001 00000000014c70d6
0x000000016f4eaf30:   0000000000000000 0000000000000283
0x000000016f4eaf40:   000000000000000b 000000000000002f
0x000000016f4eaf50:   0000000000000009 0000000000000024
0x000000016f4eaf60:   00000001438216c0 0000000143821690
0x000000016f4eaf70:   0000600001674000 000000000000002f
0x000000016f4eaf80:   000000016f4ec000 0000000100d3f7ac
0x000000016f4eaf90:   0000000000000000 000000016f4ec038
0x000000016f4eafa0:   61622e6176616a2f 732f6e75732f6573
0x000000016f4eafb0:   2f79746972756365 6f6e4b2f6c697475
0x000000016f4eafc0:   31247344494f6e77 007373616c632e30
0x000000016f4eafd0:   0000000000000000 0000000000000000
0x000000016f4eafe0:   0000000000000000 0000000000000000
0x000000016f4eaff0:   0000000000000000 0000000000000000
0x000000016f4eb000:   0000000000000000 0000000000000000 

Instructions: (pc=0x000000010a6014e4)
0x000000010a6013e4:   1e614000 1400003a d2842809 f2a05129
0x000000010a6013f4:   f2c00029 6d425935 1e640886 0c402d31
0x000000010a601404:   1e6408c7 1f5654d0 1e6c1017 1f5050d0
0x000000010a601414:   1f504cd0 1f5048d0 1e650af6 1f50d8f6
0x000000010a601424:   1f5694d6 1f5158f6 1e762880 36000501
0x000000010a601434:   1e614000 14000026 2e251ca5 d2843009
0x000000010a601444:   f2a05129 f2c00029 6d425d36 1e600806
0x000000010a601454:   0c402d32 1f5758c7 1e6c101a 1f4754c7
0x000000010a601464:   1e650805 1f4750c7 d2866668 f2a7fa68
0x000000010a601474:   1f474cc7 1e6608c0 1f4748c7 1e6e1019
0x000000010a601484:   eb08007f 540000ac 1f479400 1f460340
0x000000010a601494:   1e603b20 1400000e d2a7fd29 eb09007f
0x000000010a6014a4:   540000ac 51480069 d3607d29 9e670121
0x000000010a6014b4:   14000002 1e6a5001 1f679417 1f668742
0x000000010a6014c4:   1e613b23 1e773857 1e773860 a8c17ff3
0x000000010a6014d4:   910003bf a8c17bfd d65f03c0 b9400001
0x000000010a6014e4:   aa0103e0 d65f03c0 f9400001 aa0103e0
0x000000010a6014f4:   d65f03c0 00000000 00000000 00000000
0x000000010a601504:   00000000 00000000 00000000 00000000
0x000000010a601514:   00000000 00000000 00000000 00000000
0x000000010a601524:   00000000 00000000 00000000 00000000
0x000000010a601534:   00000000 00000000 00000000 00000000
0x000000010a601544:   00000000 00000000 00000000 00000000
0x000000010a601554:   00000000 00000000 00000000 00000000
0x000000010a601564:   00000000 00000000 00000000 00000000
0x000000010a601574:   00000000 00000000 00000000 00000000
0x000000010a601584:   00000000 00000000 00000000 00000000
0x000000010a601594:   00000000 00000000 00000000 00000000
0x000000010a6015a4:   00000000 00000000 00000000 00000000
0x000000010a6015b4:   00000000 00000000 00000000 00000000
0x000000010a6015c4:   00000000 00000000 00000000 00000000
0x000000010a6015d4:   00000000 00000000 00000000 00000000 


Stack slot to memory mapping:
stack at sp + 0 slots: 0x0000000143095200 is a thread
stack at sp + 1 slots: 0x00000000000007ff is an unknown value
stack at sp + 2 slots: 0x00000001028bc540: _ZN12StubRoutines25_call_stub_return_addressE+0 in /Library/Java/JavaVirtualMachines/jdk-17.jdk/Contents/Home/lib/server/libjvm.dylib at 0x0000000101d14000
stack at sp + 3 slots: {method} {0x0000000800431128} 'transfer' '([Ljava/util/concurrent/ConcurrentHashMap$Node;[Ljava/util/concurrent/ConcurrentHashMap$Node;)V' in 'java/util/concurrent/ConcurrentHashMap'
stack at sp + 4 slots: 0x0000000800431000 is pointing into metadata
stack at sp + 5 slots: {method} {0x0000000800431180} 'batchFor' '(J)I' in 'java/util/concurrent/ConcurrentHashMap'
stack at sp + 6 slots: 0x000000016f4eae60 is pointing into the stack for thread: 0x0000000143095200
stack at sp + 7 slots: 0x00000001024c2654: _ZN2os17is_readable_rangeEPKvS1_+0x2c in /Library/Java/JavaVirtualMachines/jdk-17.jdk/Contents/Home/lib/server/libjvm.dylib at 0x0000000101d14000

StubRoutines::SafeFetch32 [0x000000010a6014e0, 0x000000010a6014ec] (12 bytes)
[MachCode]
  0x000000010a6014e0: 0100 40b9 | e003 01aa | c003 5fd6 
[/MachCode]

---------------  P R O C E S S  ---------------

Threads class SMR info:
_java_thread_list=0x0000600003da0de0, length=15, elements={
0x0000000143095200, 0x0000000145c28c00, 0x00000001430bc600, 0x0000000145c30600,
0x0000000145c2ce00, 0x0000000145c2d400, 0x0000000142008c00, 0x0000000145c2a800,
0x0000000145c2b800, 0x0000000142816c00, 0x000000014221ec00, 0x000000014321d200,
0x0000000143220000, 0x0000000145dd8c00, 0x0000000142827800
}

Java Threads: ( => current thread )
=>0x0000000143095200 JavaThread "main" [_thread_in_Java, id=9731, stack(0x000000016f2ec000,0x000000016f4ef000)]
  0x0000000145c28c00 JavaThread "Reference Handler" daemon [_thread_blocked, id=15875, stack(0x0000000170140000,0x0000000170343000)]
  0x00000001430bc600 JavaThread "Finalizer" daemon [_thread_blocked, id=16899, stack(0x000000017034c000,0x000000017054f000)]
  0x0000000145c30600 JavaThread "Signal Dispatcher" daemon [_thread_blocked, id=22019, stack(0x0000000170670000,0x0000000170873000)]
  0x0000000145c2ce00 JavaThread "Service Thread" daemon [_thread_blocked, id=41475, stack(0x000000017087c000,0x0000000170a7f000)]
  0x0000000145c2d400 JavaThread "Monitor Deflation Thread" daemon [_thread_blocked, id=40963, stack(0x0000000170a88000,0x0000000170c8b000)]
  0x0000000142008c00 JavaThread "C1 CompilerThread0" daemon [_thread_blocked, id=40707, stack(0x0000000170c94000,0x0000000170e97000)]
  0x0000000145c2a800 JavaThread "Sweeper thread" daemon [_thread_blocked, id=40195, stack(0x0000000170ea0000,0x00000001710a3000)]
  0x0000000145c2b800 JavaThread "Common-Cleaner" daemon [_thread_blocked, id=39683, stack(0x00000001710ac000,0x00000001712af000)]
  0x0000000142816c00 JavaThread "Monitor Ctrl-Break" daemon [_thread_in_native, id=39427, stack(0x00000001712b8000,0x00000001714bb000)]
  0x000000014221ec00 JavaThread "JFR Recorder Thread" daemon [_thread_blocked, id=23299, stack(0x00000001714c4000,0x00000001716c7000)]
  0x000000014321d200 JavaThread "Attach Listener" daemon [_thread_blocked, id=39171, stack(0x00000001716d0000,0x00000001718d3000)]
  0x0000000143220000 JavaThread "JFR Periodic Tasks" daemon [_thread_blocked, id=38915, stack(0x00000001718dc000,0x0000000171adf000)]
  0x0000000145dd8c00 JavaThread "Async-profiler Timer" daemon [_thread_in_native, id=36355, stack(0x00000001725b0000,0x00000001727b3000)]
  0x0000000142827800 JavaThread "Notification Thread" daemon [_thread_blocked, id=36099, stack(0x00000001727bc000,0x00000001729bf000)]

Other Threads:
  0x0000000141e1ad00 VMThread "VM Thread" [stack: 0x000000016ff34000,0x0000000170137000] [id=15619]
  0x0000000143823c50 GCTaskThread "GC Thread#0" [stack: 0x000000016f4f8000,0x000000016f6fb000] [id=12803]
  0x000000010a557a20 GCTaskThread "GC Thread#1" [stack: 0x0000000171ae8000,0x0000000171ceb000] [id=24323]
  0x000000010a557cd0 GCTaskThread "GC Thread#2" [stack: 0x0000000171cf4000,0x0000000171ef7000] [id=38403]
  0x000000010a558540 GCTaskThread "GC Thread#3" [stack: 0x0000000171f00000,0x0000000172103000] [id=37891]
  0x000000010a558db0 GCTaskThread "GC Thread#4" [stack: 0x000000017210c000,0x000000017230f000] [id=37635]
  0x000000010a559620 GCTaskThread "GC Thread#5" [stack: 0x0000000172318000,0x000000017251b000] [id=37379]
  0x000000010a5354f0 ConcurrentGCThread "G1 Main Marker" [stack: 0x000000016f704000,0x000000016f907000] [id=20227]
  0x000000010a535d70 ConcurrentGCThread "G1 Conc#0" [stack: 0x000000016f910000,0x000000016fb13000] [id=13571]
  0x000000010a537be0 ConcurrentGCThread "G1 Refine#0" [stack: 0x000000016fb1c000,0x000000016fd1f000] [id=19203]
  0x000000010a538480 ConcurrentGCThread "G1 Service" [stack: 0x000000016fd28000,0x000000016ff2b000] [id=18691]

Threads with active compile tasks:

VM state: not at safepoint (normal execution)

VM Mutex/Monitor currently owned by a thread: None

Heap address: 0x0000000700000000, size: 4096 MB, Compressed Oops mode: Zero based, Oop shift amount: 3

CDS archive(s) mapped at: [0x0000000800000000-0x0000000800bd8000-0x0000000800bd8000), size 12419072, SharedBaseAddress: 0x0000000800000000, ArchiveRelocationMode: 0.
Compressed class space mapped at: 0x0000000800c00000-0x0000000840c00000, reserved size: 1073741824
Narrow klass base: 0x0000000800000000, Narrow klass shift: 0, Narrow klass range: 0x100000000

GC Precious Log:
 CPUs: 8 total, 8 available
 Memory: 16384M
 Large Page Support: Disabled
 NUMA Support: Disabled
 Compressed Oops: Enabled (Zero based)
 Heap Region Size: 2M
 Heap Min Capacity: 8M
 Heap Initial Capacity: 256M
 Heap Max Capacity: 4G
 Pre-touch: Disabled
 Parallel Workers: 8
 Concurrent Workers: 2
 Concurrent Refinement Workers: 8
 Periodic GC: Disabled

Heap:
 garbage-first heap   total 266240K, used 14939K [0x0000000700000000, 0x0000000800000000)
  region size 2048K, 6 young (12288K), 2 survivors (4096K)
 Metaspace       used 5555K, committed 5760K, reserved 1056768K
  class space    used 685K, committed 768K, reserved 1048576K

Heap Regions: E=young(eden), S=young(survivor), O=old, HS=humongous(starts), HC=humongous(continues), CS=collection set, F=free, OA=open archive, CA=closed archive, TAMS=top-at-mark-start (previous, next)
|   0|0x0000000700000000, 0x0000000700200000, 0x0000000700200000|100%| O|  |TAMS 0x0000000700000000, 0x0000000700000000| Untracked 
|   1|0x0000000700200000, 0x000000070029ec00, 0x0000000700400000| 31%| O|  |TAMS 0x0000000700200000, 0x0000000700200000| Untracked 
|   2|0x0000000700400000, 0x0000000700400000, 0x0000000700600000|  0%| F|  |TAMS 0x0000000700400000, 0x0000000700400000| Untracked 
|   3|0x0000000700600000, 0x0000000700600000, 0x0000000700800000|  0%| F|  |TAMS 0x0000000700600000, 0x0000000700600000| Untracked 
|   4|0x0000000700800000, 0x0000000700800000, 0x0000000700a00000|  0%| F|  |TAMS 0x0000000700800000, 0x0000000700800000| Untracked 
|   5|0x0000000700a00000, 0x0000000700a00000, 0x0000000700c00000|  0%| F|  |TAMS 0x0000000700a00000, 0x0000000700a00000| Untracked 
|   6|0x0000000700c00000, 0x0000000700c00000, 0x0000000700e00000|  0%| F|  |TAMS 0x0000000700c00000, 0x0000000700c00000| Untracked 
|   7|0x0000000700e00000, 0x0000000700e00000, 0x0000000701000000|  0%| F|  |TAMS 0x0000000700e00000, 0x0000000700e00000| Untracked 
|   8|0x0000000701000000, 0x0000000701000000, 0x0000000701200000|  0%| F|  |TAMS 0x0000000701000000, 0x0000000701000000| Untracked 
|   9|0x0000000701200000, 0x0000000701200000, 0x0000000701400000|  0%| F|  |TAMS 0x0000000701200000, 0x0000000701200000| Untracked 
|  10|0x0000000701400000, 0x0000000701400000, 0x0000000701600000|  0%| F|  |TAMS 0x0000000701400000, 0x0000000701400000| Untracked 
|  11|0x0000000701600000, 0x0000000701600000, 0x0000000701800000|  0%| F|  |TAMS 0x0000000701600000, 0x0000000701600000| Untracked 
|  12|0x0000000701800000, 0x0000000701800000, 0x0000000701a00000|  0%| F|  |TAMS 0x0000000701800000, 0x0000000701800000| Untracked 
|  13|0x0000000701a00000, 0x0000000701a00000, 0x0000000701c00000|  0%| F|  |TAMS 0x0000000701a00000, 0x0000000701a00000| Untracked 
|  14|0x0000000701c00000, 0x0000000701c00000, 0x0000000701e00000|  0%| F|  |TAMS 0x0000000701c00000, 0x0000000701c00000| Untracked 
|  15|0x0000000701e00000, 0x0000000701e00000, 0x0000000702000000|  0%| F|  |TAMS 0x0000000701e00000, 0x0000000701e00000| Untracked 
|  16|0x0000000702000000, 0x0000000702000000, 0x0000000702200000|  0%| F|  |TAMS 0x0000000702000000, 0x0000000702000000| Untracked 
|  17|0x0000000702200000, 0x0000000702200000, 0x0000000702400000|  0%| F|  |TAMS 0x0000000702200000, 0x0000000702200000| Untracked 
|  18|0x0000000702400000, 0x0000000702400000, 0x0000000702600000|  0%| F|  |TAMS 0x0000000702400000, 0x0000000702400000| Untracked 
|  19|0x0000000702600000, 0x0000000702600000, 0x0000000702800000|  0%| F|  |TAMS 0x0000000702600000, 0x0000000702600000| Untracked 
|  20|0x0000000702800000, 0x0000000702800000, 0x0000000702a00000|  0%| F|  |TAMS 0x0000000702800000, 0x0000000702800000| Untracked 
|  21|0x0000000702a00000, 0x0000000702a00000, 0x0000000702c00000|  0%| F|  |TAMS 0x0000000702a00000, 0x0000000702a00000| Untracked 
|  22|0x0000000702c00000, 0x0000000702c00000, 0x0000000702e00000|  0%| F|  |TAMS 0x0000000702c00000, 0x0000000702c00000| Untracked 
|  23|0x0000000702e00000, 0x0000000702e00000, 0x0000000703000000|  0%| F|  |TAMS 0x0000000702e00000, 0x0000000702e00000| Untracked 
|  24|0x0000000703000000, 0x0000000703000000, 0x0000000703200000|  0%| F|  |TAMS 0x0000000703000000, 0x0000000703000000| Untracked 
|  25|0x0000000703200000, 0x0000000703200000, 0x0000000703400000|  0%| F|  |TAMS 0x0000000703200000, 0x0000000703200000| Untracked 
|  26|0x0000000703400000, 0x0000000703400000, 0x0000000703600000|  0%| F|  |TAMS 0x0000000703400000, 0x0000000703400000| Untracked 
|  27|0x0000000703600000, 0x0000000703600000, 0x0000000703800000|  0%| F|  |TAMS 0x0000000703600000, 0x0000000703600000| Untracked 
|  28|0x0000000703800000, 0x0000000703800000, 0x0000000703a00000|  0%| F|  |TAMS 0x0000000703800000, 0x0000000703800000| Untracked 
|  29|0x0000000703a00000, 0x0000000703a00000, 0x0000000703c00000|  0%| F|  |TAMS 0x0000000703a00000, 0x0000000703a00000| Untracked 
|  30|0x0000000703c00000, 0x0000000703c00000, 0x0000000703e00000|  0%| F|  |TAMS 0x0000000703c00000, 0x0000000703c00000| Untracked 
|  31|0x0000000703e00000, 0x0000000703e00000, 0x0000000704000000|  0%| F|  |TAMS 0x0000000703e00000, 0x0000000703e00000| Untracked 
|  32|0x0000000704000000, 0x0000000704000000, 0x0000000704200000|  0%| F|  |TAMS 0x0000000704000000, 0x0000000704000000| Untracked 
|  33|0x0000000704200000, 0x0000000704200000, 0x0000000704400000|  0%| F|  |TAMS 0x0000000704200000, 0x0000000704200000| Untracked 
|  34|0x0000000704400000, 0x0000000704400000, 0x0000000704600000|  0%| F|  |TAMS 0x0000000704400000, 0x0000000704400000| Untracked 
|  35|0x0000000704600000, 0x0000000704600000, 0x0000000704800000|  0%| F|  |TAMS 0x0000000704600000, 0x0000000704600000| Untracked 
|  36|0x0000000704800000, 0x0000000704800000, 0x0000000704a00000|  0%| F|  |TAMS 0x0000000704800000, 0x0000000704800000| Untracked 
|  37|0x0000000704a00000, 0x0000000704a00000, 0x0000000704c00000|  0%| F|  |TAMS 0x0000000704a00000, 0x0000000704a00000| Untracked 
|  38|0x0000000704c00000, 0x0000000704c00000, 0x0000000704e00000|  0%| F|  |TAMS 0x0000000704c00000, 0x0000000704c00000| Untracked 
|  39|0x0000000704e00000, 0x0000000704e00000, 0x0000000705000000|  0%| F|  |TAMS 0x0000000704e00000, 0x0000000704e00000| Untracked 
|  40|0x0000000705000000, 0x0000000705000000, 0x0000000705200000|  0%| F|  |TAMS 0x0000000705000000, 0x0000000705000000| Untracked 
|  41|0x0000000705200000, 0x0000000705200000, 0x0000000705400000|  0%| F|  |TAMS 0x0000000705200000, 0x0000000705200000| Untracked 
|  42|0x0000000705400000, 0x0000000705400000, 0x0000000705600000|  0%| F|  |TAMS 0x0000000705400000, 0x0000000705400000| Untracked 
|  43|0x0000000705600000, 0x0000000705600000, 0x0000000705800000|  0%| F|  |TAMS 0x0000000705600000, 0x0000000705600000| Untracked 
|  44|0x0000000705800000, 0x0000000705800000, 0x0000000705a00000|  0%| F|  |TAMS 0x0000000705800000, 0x0000000705800000| Untracked 
|  45|0x0000000705a00000, 0x0000000705a00000, 0x0000000705c00000|  0%| F|  |TAMS 0x0000000705a00000, 0x0000000705a00000| Untracked 
|  46|0x0000000705c00000, 0x0000000705c00000, 0x0000000705e00000|  0%| F|  |TAMS 0x0000000705c00000, 0x0000000705c00000| Untracked 
|  47|0x0000000705e00000, 0x0000000705e00000, 0x0000000706000000|  0%| F|  |TAMS 0x0000000705e00000, 0x0000000705e00000| Untracked 
|  48|0x0000000706000000, 0x0000000706000000, 0x0000000706200000|  0%| F|  |TAMS 0x0000000706000000, 0x0000000706000000| Untracked 
|  49|0x0000000706200000, 0x0000000706200000, 0x0000000706400000|  0%| F|  |TAMS 0x0000000706200000, 0x0000000706200000| Untracked 
|  50|0x0000000706400000, 0x0000000706400000, 0x0000000706600000|  0%| F|  |TAMS 0x0000000706400000, 0x0000000706400000| Untracked 
|  51|0x0000000706600000, 0x0000000706600000, 0x0000000706800000|  0%| F|  |TAMS 0x0000000706600000, 0x0000000706600000| Untracked 
|  52|0x0000000706800000, 0x0000000706800000, 0x0000000706a00000|  0%| F|  |TAMS 0x0000000706800000, 0x0000000706800000| Untracked 
|  53|0x0000000706a00000, 0x0000000706a00000, 0x0000000706c00000|  0%| F|  |TAMS 0x0000000706a00000, 0x0000000706a00000| Untracked 
|  54|0x0000000706c00000, 0x0000000706c00000, 0x0000000706e00000|  0%| F|  |TAMS 0x0000000706c00000, 0x0000000706c00000| Untracked 
|  55|0x0000000706e00000, 0x0000000706e00000, 0x0000000707000000|  0%| F|  |TAMS 0x0000000706e00000, 0x0000000706e00000| Untracked 
|  56|0x0000000707000000, 0x0000000707000000, 0x0000000707200000|  0%| F|  |TAMS 0x0000000707000000, 0x0000000707000000| Untracked 
|  57|0x0000000707200000, 0x0000000707200000, 0x0000000707400000|  0%| F|  |TAMS 0x0000000707200000, 0x0000000707200000| Untracked 
|  58|0x0000000707400000, 0x0000000707400000, 0x0000000707600000|  0%| F|  |TAMS 0x0000000707400000, 0x0000000707400000| Untracked 
|  59|0x0000000707600000, 0x0000000707600000, 0x0000000707800000|  0%| F|  |TAMS 0x0000000707600000, 0x0000000707600000| Untracked 
|  60|0x0000000707800000, 0x0000000707800000, 0x0000000707a00000|  0%| F|  |TAMS 0x0000000707800000, 0x0000000707800000| Untracked 
|  61|0x0000000707a00000, 0x0000000707a00000, 0x0000000707c00000|  0%| F|  |TAMS 0x0000000707a00000, 0x0000000707a00000| Untracked 
|  62|0x0000000707c00000, 0x0000000707c00000, 0x0000000707e00000|  0%| F|  |TAMS 0x0000000707c00000, 0x0000000707c00000| Untracked 
|  63|0x0000000707e00000, 0x0000000707e00000, 0x0000000708000000|  0%| F|  |TAMS 0x0000000707e00000, 0x0000000707e00000| Untracked 
|  64|0x0000000708000000, 0x0000000708000000, 0x0000000708200000|  0%| F|  |TAMS 0x0000000708000000, 0x0000000708000000| Untracked 
|  65|0x0000000708200000, 0x0000000708200000, 0x0000000708400000|  0%| F|  |TAMS 0x0000000708200000, 0x0000000708200000| Untracked 
|  66|0x0000000708400000, 0x0000000708400000, 0x0000000708600000|  0%| F|  |TAMS 0x0000000708400000, 0x0000000708400000| Untracked 
|  67|0x0000000708600000, 0x0000000708600000, 0x0000000708800000|  0%| F|  |TAMS 0x0000000708600000, 0x0000000708600000| Untracked 
|  68|0x0000000708800000, 0x0000000708800000, 0x0000000708a00000|  0%| F|  |TAMS 0x0000000708800000, 0x0000000708800000| Untracked 
|  69|0x0000000708a00000, 0x0000000708a00000, 0x0000000708c00000|  0%| F|  |TAMS 0x0000000708a00000, 0x0000000708a00000| Untracked 
|  70|0x0000000708c00000, 0x0000000708c00000, 0x0000000708e00000|  0%| F|  |TAMS 0x0000000708c00000, 0x0000000708c00000| Untracked 
|  71|0x0000000708e00000, 0x0000000708e00000, 0x0000000709000000|  0%| F|  |TAMS 0x0000000708e00000, 0x0000000708e00000| Untracked 
|  72|0x0000000709000000, 0x0000000709000000, 0x0000000709200000|  0%| F|  |TAMS 0x0000000709000000, 0x0000000709000000| Untracked 
|  73|0x0000000709200000, 0x0000000709200000, 0x0000000709400000|  0%| F|  |TAMS 0x0000000709200000, 0x0000000709200000| Untracked 
|  74|0x0000000709400000, 0x0000000709400000, 0x0000000709600000|  0%| F|  |TAMS 0x0000000709400000, 0x0000000709400000| Untracked 
|  75|0x0000000709600000, 0x0000000709600000, 0x0000000709800000|  0%| F|  |TAMS 0x0000000709600000, 0x0000000709600000| Untracked 
|  76|0x0000000709800000, 0x0000000709800000, 0x0000000709a00000|  0%| F|  |TAMS 0x0000000709800000, 0x0000000709800000| Untracked 
|  77|0x0000000709a00000, 0x0000000709a00000, 0x0000000709c00000|  0%| F|  |TAMS 0x0000000709a00000, 0x0000000709a00000| Untracked 
|  78|0x0000000709c00000, 0x0000000709c00000, 0x0000000709e00000|  0%| F|  |TAMS 0x0000000709c00000, 0x0000000709c00000| Untracked 
|  79|0x0000000709e00000, 0x0000000709e00000, 0x000000070a000000|  0%| F|  |TAMS 0x0000000709e00000, 0x0000000709e00000| Untracked 
|  80|0x000000070a000000, 0x000000070a000000, 0x000000070a200000|  0%| F|  |TAMS 0x000000070a000000, 0x000000070a000000| Untracked 
|  81|0x000000070a200000, 0x000000070a200000, 0x000000070a400000|  0%| F|  |TAMS 0x000000070a200000, 0x000000070a200000| Untracked 
|  82|0x000000070a400000, 0x000000070a400000, 0x000000070a600000|  0%| F|  |TAMS 0x000000070a400000, 0x000000070a400000| Untracked 
|  83|0x000000070a600000, 0x000000070a600000, 0x000000070a800000|  0%| F|  |TAMS 0x000000070a600000, 0x000000070a600000| Untracked 
|  84|0x000000070a800000, 0x000000070a800000, 0x000000070aa00000|  0%| F|  |TAMS 0x000000070a800000, 0x000000070a800000| Untracked 
|  85|0x000000070aa00000, 0x000000070aa00000, 0x000000070ac00000|  0%| F|  |TAMS 0x000000070aa00000, 0x000000070aa00000| Untracked 
|  86|0x000000070ac00000, 0x000000070ac00000, 0x000000070ae00000|  0%| F|  |TAMS 0x000000070ac00000, 0x000000070ac00000| Untracked 
|  87|0x000000070ae00000, 0x000000070ae00000, 0x000000070b000000|  0%| F|  |TAMS 0x000000070ae00000, 0x000000070ae00000| Untracked 
|  88|0x000000070b000000, 0x000000070b000000, 0x000000070b200000|  0%| F|  |TAMS 0x000000070b000000, 0x000000070b000000| Untracked 
|  89|0x000000070b200000, 0x000000070b200000, 0x000000070b400000|  0%| F|  |TAMS 0x000000070b200000, 0x000000070b200000| Untracked 
|  90|0x000000070b400000, 0x000000070b400000, 0x000000070b600000|  0%| F|  |TAMS 0x000000070b400000, 0x000000070b400000| Untracked 
|  91|0x000000070b600000, 0x000000070b600000, 0x000000070b800000|  0%| F|  |TAMS 0x000000070b600000, 0x000000070b600000| Untracked 
|  92|0x000000070b800000, 0x000000070b800000, 0x000000070ba00000|  0%| F|  |TAMS 0x000000070b800000, 0x000000070b800000| Untracked 
|  93|0x000000070ba00000, 0x000000070ba00000, 0x000000070bc00000|  0%| F|  |TAMS 0x000000070ba00000, 0x000000070ba00000| Untracked 
|  94|0x000000070bc00000, 0x000000070bc00000, 0x000000070be00000|  0%| F|  |TAMS 0x000000070bc00000, 0x000000070bc00000| Untracked 
|  95|0x000000070be00000, 0x000000070be00000, 0x000000070c000000|  0%| F|  |TAMS 0x000000070be00000, 0x000000070be00000| Untracked 
|  96|0x000000070c000000, 0x000000070c000000, 0x000000070c200000|  0%| F|  |TAMS 0x000000070c000000, 0x000000070c000000| Untracked 
|  97|0x000000070c200000, 0x000000070c200000, 0x000000070c400000|  0%| F|  |TAMS 0x000000070c200000, 0x000000070c200000| Untracked 
|  98|0x000000070c400000, 0x000000070c400000, 0x000000070c600000|  0%| F|  |TAMS 0x000000070c400000, 0x000000070c400000| Untracked 
|  99|0x000000070c600000, 0x000000070c600000, 0x000000070c800000|  0%| F|  |TAMS 0x000000070c600000, 0x000000070c600000| Untracked 
| 100|0x000000070c800000, 0x000000070c800000, 0x000000070ca00000|  0%| F|  |TAMS 0x000000070c800000, 0x000000070c800000| Untracked 
| 101|0x000000070ca00000, 0x000000070ca00000, 0x000000070cc00000|  0%| F|  |TAMS 0x000000070ca00000, 0x000000070ca00000| Untracked 
| 102|0x000000070cc00000, 0x000000070cc00000, 0x000000070ce00000|  0%| F|  |TAMS 0x000000070cc00000, 0x000000070cc00000| Untracked 
| 103|0x000000070ce00000, 0x000000070ce00000, 0x000000070d000000|  0%| F|  |TAMS 0x000000070ce00000, 0x000000070ce00000| Untracked 
| 104|0x000000070d000000, 0x000000070d000000, 0x000000070d200000|  0%| F|  |TAMS 0x000000070d000000, 0x000000070d000000| Untracked 
| 105|0x000000070d200000, 0x000000070d200000, 0x000000070d400000|  0%| F|  |TAMS 0x000000070d200000, 0x000000070d200000| Untracked 
| 106|0x000000070d400000, 0x000000070d400000, 0x000000070d600000|  0%| F|  |TAMS 0x000000070d400000, 0x000000070d400000| Untracked 
| 107|0x000000070d600000, 0x000000070d600000, 0x000000070d800000|  0%| F|  |TAMS 0x000000070d600000, 0x000000070d600000| Untracked 
| 108|0x000000070d800000, 0x000000070d800000, 0x000000070da00000|  0%| F|  |TAMS 0x000000070d800000, 0x000000070d800000| Untracked 
| 109|0x000000070da00000, 0x000000070da00000, 0x000000070dc00000|  0%| F|  |TAMS 0x000000070da00000, 0x000000070da00000| Untracked 
| 110|0x000000070dc00000, 0x000000070dc00000, 0x000000070de00000|  0%| F|  |TAMS 0x000000070dc00000, 0x000000070dc00000| Untracked 
| 111|0x000000070de00000, 0x000000070de00000, 0x000000070e000000|  0%| F|  |TAMS 0x000000070de00000, 0x000000070de00000| Untracked 
| 112|0x000000070e000000, 0x000000070e000000, 0x000000070e200000|  0%| F|  |TAMS 0x000000070e000000, 0x000000070e000000| Untracked 
| 113|0x000000070e200000, 0x000000070e200000, 0x000000070e400000|  0%| F|  |TAMS 0x000000070e200000, 0x000000070e200000| Untracked 
| 114|0x000000070e400000, 0x000000070e400000, 0x000000070e600000|  0%| F|  |TAMS 0x000000070e400000, 0x000000070e400000| Untracked 
| 115|0x000000070e600000, 0x000000070e800000, 0x000000070e800000|100%| S|CS|TAMS 0x000000070e600000, 0x000000070e600000| Complete 
| 116|0x000000070e800000, 0x000000070ea00000, 0x000000070ea00000|100%| S|CS|TAMS 0x000000070e800000, 0x000000070e800000| Complete 
| 117|0x000000070ea00000, 0x000000070ea00000, 0x000000070ec00000|  0%| F|  |TAMS 0x000000070ea00000, 0x000000070ea00000| Untracked 
| 118|0x000000070ec00000, 0x000000070ec00000, 0x000000070ee00000|  0%| F|  |TAMS 0x000000070ec00000, 0x000000070ec00000| Untracked 
| 119|0x000000070ee00000, 0x000000070ee00000, 0x000000070f000000|  0%| F|  |TAMS 0x000000070ee00000, 0x000000070ee00000| Untracked 
| 120|0x000000070f000000, 0x000000070f000000, 0x000000070f200000|  0%| F|  |TAMS 0x000000070f000000, 0x000000070f000000| Untracked 
| 121|0x000000070f200000, 0x000000070f200000, 0x000000070f400000|  0%| F|  |TAMS 0x000000070f200000, 0x000000070f200000| Untracked 
| 122|0x000000070f400000, 0x000000070f400000, 0x000000070f600000|  0%| F|  |TAMS 0x000000070f400000, 0x000000070f400000| Untracked 
| 123|0x000000070f600000, 0x000000070f600000, 0x000000070f800000|  0%| F|  |TAMS 0x000000070f600000, 0x000000070f600000| Untracked 
| 124|0x000000070f800000, 0x000000070f87ee00, 0x000000070fa00000| 24%| E|  |TAMS 0x000000070f800000, 0x000000070f800000| Complete 
| 125|0x000000070fa00000, 0x000000070fc00000, 0x000000070fc00000|100%| E|CS|TAMS 0x000000070fa00000, 0x000000070fa00000| Complete 
| 126|0x000000070fc00000, 0x000000070fe00000, 0x000000070fe00000|100%| E|CS|TAMS 0x000000070fc00000, 0x000000070fc00000| Complete 
| 127|0x000000070fe00000, 0x0000000710000000, 0x0000000710000000|100%| E|CS|TAMS 0x000000070fe00000, 0x000000070fe00000| Complete 
|2046|0x00000007ffc00000, 0x00000007ffd78000, 0x00000007ffe00000| 73%|OA|  |TAMS 0x00000007ffc00000, 0x00000007ffc00000| Untracked 
|2047|0x00000007ffe00000, 0x00000007ffe80000, 0x0000000800000000| 25%|CA|  |TAMS 0x00000007ffe00000, 0x00000007ffe00000| Untracked 

Card table byte_map: [0x000000010de00000,0x000000010e600000] _byte_map_base: 0x000000010a600000

Marking Bits (Prev, Next): (CMBitMap*) 0x0000000145b50c10, (CMBitMap*) 0x0000000145b50c50
 Prev Bits: [0x0000000121f00000, 0x0000000125f00000)
 Next Bits: [0x0000000150000000, 0x0000000154000000)

Polling page: 0x0000000100d28000

Metaspace:

Usage:
  Non-class:      4.76 MB used.
      Class:    685.36 KB used.
       Both:      5.43 MB used.

Virtual space:
  Non-class space:        8.00 MB reserved,       4.88 MB ( 61%) committed,  1 nodes.
      Class space:        1.00 GB reserved,     768.00 KB ( <1%) committed,  1 nodes.
             Both:        1.01 GB reserved,       5.62 MB ( <1%) committed. 

Chunk freelists:
   Non-Class:  2.86 MB
       Class:  3.23 MB
        Both:  6.09 MB

MaxMetaspaceSize: unlimited
CompressedClassSpaceSize: 1.00 GB
Initial GC threshold: 21.00 MB
Current GC threshold: 21.00 MB
CDS: on
MetaspaceReclaimPolicy: balanced
 - commit_granule_bytes: 65536.
 - commit_granule_words: 8192.
 - virtual_space_node_default_size: 1048576.
 - enlarge_chunks_in_place: 1.
 - new_chunks_are_fully_committed: 0.
 - uncommit_free_chunks: 1.
 - use_allocation_guard: 0.
 - handle_deallocations: 1.


Internal statistics:

num_allocs_failed_limit: 0.
num_arena_births: 116.
num_arena_deaths: 0.
num_vsnodes_births: 2.
num_vsnodes_deaths: 0.
num_space_committed: 90.
num_space_uncommitted: 0.
num_chunks_returned_to_freelist: 0.
num_chunks_taken_from_freelist: 143.
num_chunk_merges: 0.
num_chunk_splits: 81.
num_chunks_enlarged: 41.
num_purges: 0.
num_inconsistent_stats: 0.

CodeCache: size=49152Kb used=3604Kb max_used=3604Kb free=45547Kb
 bounds [0x000000010a600000, 0x000000010a990000, 0x000000010d600000]
 total_blobs=1830 nmethods=1378 adapters=383
 compilation: enabled
              stopped_count=0, restarted_count=0
 full_count=0

Compilation events (20 events):
Event: 2.642 Thread 0x0000000142008c00 nmethod 1370 0x000000010a97ff90 code [0x000000010a980100, 0x000000010a980198]
Event: 2.642 Thread 0x0000000142008c00 1371       1       jdk.internal.org.objectweb.asm.ClassReader::<init> (371 bytes)
Event: 2.643 Thread 0x0000000142008c00 nmethod 1371 0x000000010a980290 code [0x000000010a980500, 0x000000010a981118]
Event: 2.643 Thread 0x0000000142008c00 1372       1       java.lang.invoke.DirectMethodHandle$Holder::invokeStatic (15 bytes)
Event: 2.643 Thread 0x0000000142008c00 nmethod 1372 0x000000010a981e10 code [0x000000010a981fc0, 0x000000010a9820c0]
Event: 2.643 Thread 0x0000000142008c00 1373       1       java.lang.invoke.MethodHandles$Lookup$ClassFile::readUnsignedShort (39 bytes)
Event: 2.643 Thread 0x0000000142008c00 nmethod 1373 0x000000010a982210 code [0x000000010a9823c0, 0x000000010a982538]
Event: 2.643 Thread 0x0000000142008c00 1375       1       java.lang.invoke.MethodHandleNatives::refKindHasReceiver (33 bytes)
Event: 2.643 Thread 0x0000000142008c00 nmethod 1375 0x000000010a982710 code [0x000000010a982880, 0x000000010a982918]
Event: 2.643 Thread 0x0000000142008c00 1374       1       jdk.internal.org.objectweb.asm.ClassReader::getMaxStringLength (5 bytes)
Event: 2.643 Thread 0x0000000142008c00 nmethod 1374 0x000000010a982a10 code [0x000000010a982b80, 0x000000010a982c18]
Event: 2.646 Thread 0x0000000142008c00 1376       1       java.lang.Enum::<init> (15 bytes)
Event: 2.646 Thread 0x0000000142008c00 nmethod 1376 0x000000010a983610 code [0x000000010a983780, 0x000000010a983898]
Event: 2.646 Thread 0x0000000142008c00 1377       1       java.lang.Enum::name (5 bytes)
Event: 2.646 Thread 0x0000000142008c00 nmethod 1377 0x000000010a983990 code [0x000000010a983b00, 0x000000010a983b98]
Event: 2.647 Thread 0x0000000142008c00 1378       1       java.lang.CharacterDataLatin1::toUpperCaseEx (71 bytes)
Event: 2.647 Thread 0x0000000142008c00 nmethod 1378 0x000000010a983c90 code [0x000000010a983e40, 0x000000010a983f98]
Event: 2.648 Thread 0x0000000142008c00 1379       1       sun.security.util.KnownOIDs::registerNames (2 bytes)
Event: 2.648 Thread 0x0000000142008c00 nmethod 1379 0x000000010a984110 code [0x000000010a984280, 0x000000010a984358]
Event: 2.648 Thread 0x0000000142008c00 1380       1       java.lang.StringLatin1::toUpperCase (186 bytes)

GC Heap History (2 events):
Event: 2.549 GC heap before
{Heap before GC invocations=0 (full 0):
 garbage-first heap   total 266240K, used 22496K [0x0000000700000000, 0x0000000800000000)
  region size 2048K, 11 young (22528K), 0 survivors (0K)
 Metaspace       used 2993K, committed 3200K, reserved 1056768K
  class space    used 364K, committed 448K, reserved 1048576K
}
Event: 2.551 GC heap after
{Heap after GC invocations=1 (full 0):
 garbage-first heap   total 266240K, used 8795K [0x0000000700000000, 0x0000000800000000)
  region size 2048K, 2 young (4096K), 2 survivors (4096K)
 Metaspace       used 2993K, committed 3200K, reserved 1056768K
  class space    used 364K, committed 448K, reserved 1048576K
}

Deoptimization events (6 events):
Event: 2.475 Thread 0x0000000143095200 DEOPT PACKING pc=0x000000010a838a18 sp=0x000000016f4ec970
Event: 2.475 Thread 0x0000000143095200 DEOPT UNPACKING pc=0x000000010a63eb7c sp=0x000000016f4ec660 mode 3
Event: 2.482 Thread 0x0000000143095200 DEOPT PACKING pc=0x000000010a7fd50c sp=0x000000016f4eda20
Event: 2.482 Thread 0x0000000143095200 DEOPT UNPACKING pc=0x000000010a63eb7c sp=0x000000016f4ed790 mode 3
Event: 2.528 Thread 0x0000000143095200 DEOPT PACKING pc=0x000000010a8aedf4 sp=0x000000016f4ec3c0
Event: 2.528 Thread 0x0000000143095200 DEOPT UNPACKING pc=0x000000010a63eb7c sp=0x000000016f4ec080 mode 3

Classes unloaded (0 events):
No events

Classes redefined (20 events):
Event: 2.538 Thread 0x0000000141e1ad00 redefined class name=sun.nio.ch.SocketChannelImpl, count=1
Event: 2.538 Thread 0x0000000141e1ad00 redefined class name=java.lang.Throwable, count=1
Event: 2.538 Thread 0x0000000141e1ad00 redefined class name=java.lang.Error, count=2
Event: 2.568 Thread 0x0000000141e1ad00 redefined class name=jdk.internal.event.ProcessStartEvent, count=1
Event: 2.568 Thread 0x0000000141e1ad00 redefined class name=jdk.jfr.events.ContainerIOUsageEvent, count=1
Event: 2.568 Thread 0x0000000141e1ad00 redefined class name=jdk.jfr.events.ContainerMemoryUsageEvent, count=1
Event: 2.568 Thread 0x0000000141e1ad00 redefined class name=jdk.jfr.events.ContainerCPUThrottlingEvent, count=1
Event: 2.568 Thread 0x0000000141e1ad00 redefined class name=jdk.jfr.events.ContainerCPUUsageEvent, count=1
Event: 2.568 Thread 0x0000000141e1ad00 redefined class name=jdk.jfr.events.ContainerConfigurationEvent, count=1
Event: 2.568 Thread 0x0000000141e1ad00 redefined class name=jdk.jfr.events.InitialSecurityPropertyEvent, count=1
Event: 2.568 Thread 0x0000000141e1ad00 redefined class name=jdk.jfr.events.DirectBufferStatisticsEvent, count=1
Event: 2.568 Thread 0x0000000141e1ad00 redefined class name=jdk.jfr.events.ActiveRecordingEvent, count=1
Event: 2.568 Thread 0x0000000141e1ad00 redefined class name=jdk.jfr.events.ActiveSettingEvent, count=1
Event: 2.568 Thread 0x0000000141e1ad00 redefined class name=jdk.jfr.events.ErrorThrownEvent, count=1
Event: 2.568 Thread 0x0000000141e1ad00 redefined class name=jdk.jfr.events.ExceptionStatisticsEvent, count=1
Event: 2.568 Thread 0x0000000141e1ad00 redefined class name=jdk.jfr.events.SocketWriteEvent, count=1
Event: 2.568 Thread 0x0000000141e1ad00 redefined class name=jdk.jfr.events.SocketReadEvent, count=1
Event: 2.568 Thread 0x0000000141e1ad00 redefined class name=jdk.jfr.events.FileWriteEvent, count=1
Event: 2.568 Thread 0x0000000141e1ad00 redefined class name=jdk.jfr.events.FileReadEvent, count=1
Event: 2.568 Thread 0x0000000141e1ad00 redefined class name=jdk.jfr.events.FileForceEvent, count=1

Internal exceptions (20 events):
Event: 2.482 Thread 0x0000000143095200 Exception <a 'java/lang/ClassNotFoundException'{0x000000070f354cd0}: jdk/jfr/internal/handlers/EventHandler1463_1704608405725-27398> (0x000000070f354cd0) 
thrown [open/src/hotspot/share/classfile/systemDictionary.cpp, line 256]
Event: 2.482 Thread 0x0000000143095200 Exception <a 'java/lang/ClassNotFoundException'{0x000000070f364cc8}: jdk/jfr/internal/handlers/EventHandler1465_1704608405725-27398> (0x000000070f364cc8) 
thrown [open/src/hotspot/share/classfile/systemDictionary.cpp, line 256]
Event: 2.483 Thread 0x0000000143095200 Exception <a 'java/lang/ClassNotFoundException'{0x000000070f371c18}: jdk/jfr/internal/handlers/EventHandler1467_1704608405725-27398> (0x000000070f371c18) 
thrown [open/src/hotspot/share/classfile/systemDictionary.cpp, line 256]
Event: 2.484 Thread 0x0000000143095200 Exception <a 'java/lang/ClassNotFoundException'{0x000000070f398f58}: jdk/jfr/internal/handlers/EventHandler1469_1704608405725-27398> (0x000000070f398f58) 
thrown [open/src/hotspot/share/classfile/systemDictionary.cpp, line 256]
Event: 2.485 Thread 0x0000000143095200 Exception <a 'java/lang/ClassNotFoundException'{0x000000070f3ad668}: jdk/jfr/internal/handlers/EventHandler1471_1704608405725-27398> (0x000000070f3ad668) 
thrown [open/src/hotspot/share/classfile/systemDictionary.cpp, line 256]
Event: 2.486 Thread 0x0000000143095200 Exception <a 'java/lang/ClassNotFoundException'{0x000000070f3c60c8}: jdk/jfr/internal/handlers/EventHandler1473_1704608405725-27398> (0x000000070f3c60c8) 
thrown [open/src/hotspot/share/classfile/systemDictionary.cpp, line 256]
Event: 2.487 Thread 0x0000000143095200 Exception <a 'java/lang/ClassNotFoundException'{0x000000070f3d62d0}: jdk/jfr/internal/handlers/EventHandler1476_1704608405725-27398> (0x000000070f3d62d0) 
thrown [open/src/hotspot/share/classfile/systemDictionary.cpp, line 256]
Event: 2.487 Thread 0x0000000143095200 Exception <a 'java/lang/ClassNotFoundException'{0x000000070f3e1c30}: jdk/jfr/internal/handlers/EventHandler1478_1704608405725-27398> (0x000000070f3e1c30) 
thrown [open/src/hotspot/share/classfile/systemDictionary.cpp, line 256]
Event: 2.489 Thread 0x0000000143095200 Exception <a 'java/lang/ClassNotFoundException'{0x000000070f3f86b8}: jdk/jfr/internal/handlers/EventHandler1743_1704608405725-27398> (0x000000070f3f86b8) 
thrown [open/src/hotspot/share/classfile/systemDictionary.cpp, line 256]
Event: 2.489 Thread 0x0000000143095200 Exception <a 'java/lang/ClassNotFoundException'{0x000000070f0081f8}: jdk/jfr/internal/handlers/EventHandler1746_1704608405725-27398> (0x000000070f0081f8) 
thrown [open/src/hotspot/share/classfile/systemDictionary.cpp, line 256]
Event: 2.490 Thread 0x0000000143095200 Exception <a 'java/lang/ClassNotFoundException'{0x000000070f015b60}: jdk/jfr/internal/handlers/EventHandler1749_1704608405725-27398> (0x000000070f015b60) 
thrown [open/src/hotspot/share/classfile/systemDictionary.cpp, line 256]
Event: 2.490 Thread 0x0000000143095200 Exception <a 'java/lang/ClassNotFoundException'{0x000000070f023be0}: jdk/jfr/internal/handlers/EventHandler1752_1704608405725-27398> (0x000000070f023be0) 
thrown [open/src/hotspot/share/classfile/systemDictionary.cpp, line 256]
Event: 2.491 Thread 0x0000000143095200 Exception <a 'java/lang/ClassNotFoundException'{0x000000070f0302f0}: jdk/jfr/internal/handlers/EventHandler1755_1704608405725-27398> (0x000000070f0302f0) 
thrown [open/src/hotspot/share/classfile/systemDictionary.cpp, line 256]
Event: 2.540 Thread 0x0000000143095200 Exception <a 'java/lang/NoSuchMethodError'{0x000000070ea9f078}: 'void java.lang.invoke.DirectMethodHandle$Holder.invokeStatic(java.lang.Object, java.lang.Object, int)'> (0x000000070ea9f078) 
thrown [open/src/hotspot/share/interpreter/linkResolver.cpp, line 759]
Event: 2.541 Thread 0x0000000143095200 Exception <a 'java/lang/NoSuchMethodError'{0x000000070eaa51c8}: 'java.lang.Object java.lang.invoke.DirectMethodHandle$Holder.newInvokeSpecial(java.lang.Object, java.lang.Object, int)'> (0x000000070eaa51c8) 
thrown [open/src/hotspot/share/interpreter/linkResolver.cpp, line 759]
Event: 2.547 Thread 0x0000000143095200 Exception <a 'java/lang/NoSuchMethodError'{0x000000070ead5218}: 'void java.lang.invoke.DirectMethodHandle$Holder.invokeSpecial(java.lang.Object, java.lang.Object, java.lang.Object)'> (0x000000070ead5218) 
thrown [open/src/hotspot/share/interpreter/linkResolver.cpp, line 759]
Event: 2.590 Thread 0x0000000143095200 Exception <a 'java/lang/NoSuchMethodError'{0x000000070fcec8d8}: 'int java.lang.invoke.DirectMethodHandle$Holder.invokeInterface(java.lang.Object, java.lang.Object)'> (0x000000070fcec8d8) 
thrown [open/src/hotspot/share/interpreter/linkResolver.cpp, line 759]
Event: 2.590 Thread 0x0000000143095200 Exception <a 'java/lang/IncompatibleClassChangeError'{0x000000070fcefdc0}: Found class java.lang.Object, but interface was expected> (0x000000070fcefdc0) 
thrown [open/src/hotspot/share/interpreter/linkResolver.cpp, line 826]
Event: 2.609 Thread 0x0000000143095200 Exception <a 'java/lang/NoSuchMethodError'{0x000000070fa55e00}: 'int java.lang.invoke.DirectMethodHandle$Holder.invokeSpecial(java.lang.Object, java.lang.Object, java.lang.Object)'> (0x000000070fa55e00) 
thrown [open/src/hotspot/share/interpreter/linkResolver.cpp, line 759]
Event: 2.636 Thread 0x0000000143095200 Exception <a 'java/lang/NoSuchMethodError'{0x000000070f80a2a0}: 'int java.lang.invoke.DirectMethodHandle$Holder.invokeSpecialIFC(java.lang.Object, java.lang.Object, java.lang.Object)'> (0x000000070f80a2a0) 
thrown [open/src/hotspot/share/interpreter/linkResolver.cpp, line 759]

VM Operations (20 events):
Event: 2.538 Executing VM operation: RedefineClasses
Event: 2.540 Executing VM operation: RedefineClasses done
Event: 2.545 Executing VM operation: HandshakeAllThreads
Event: 2.545 Executing VM operation: HandshakeAllThreads done
Event: 2.549 Executing VM operation: G1CollectForAllocation
Event: 2.551 Executing VM operation: G1CollectForAllocation done
Event: 2.559 Executing VM operation: JFRCheckpoint
Event: 2.559 Executing VM operation: JFRCheckpoint done
Event: 2.561 Executing VM operation: JFROldObject
Event: 2.561 Executing VM operation: JFROldObject done
Event: 2.568 Executing VM operation: RedefineClasses
Event: 2.570 Executing VM operation: RedefineClasses done
Event: 2.572 Executing VM operation: ClassLoaderStatsOperation
Event: 2.572 Executing VM operation: ClassLoaderStatsOperation done
Event: 2.593 Executing VM operation: HandshakeAllThreads
Event: 2.593 Executing VM operation: HandshakeAllThreads done
Event: 2.641 Executing VM operation: HandshakeAllThreads
Event: 2.641 Executing VM operation: HandshakeAllThreads done
Event: 2.644 Executing VM operation: HandshakeAllThreads
Event: 2.644 Executing VM operation: HandshakeAllThreads done

Events (20 events):
Event: 2.646 loading class sun/security/util/KnownOIDs$1
Event: 2.646 loading class sun/security/util/KnownOIDs$1 done
Event: 2.646 loading class sun/security/util/KnownOIDs$2
Event: 2.646 loading class sun/security/util/KnownOIDs$2 done
Event: 2.646 loading class sun/security/util/KnownOIDs$3
Event: 2.646 loading class sun/security/util/KnownOIDs$3 done
Event: 2.646 loading class sun/security/util/KnownOIDs$4
Event: 2.646 loading class sun/security/util/KnownOIDs$4 done
Event: 2.646 loading class sun/security/util/KnownOIDs$5
Event: 2.646 loading class sun/security/util/KnownOIDs$5 done
Event: 2.646 loading class sun/security/util/KnownOIDs$6
Event: 2.646 loading class sun/security/util/KnownOIDs$6 done
Event: 2.647 loading class sun/security/util/KnownOIDs$7
Event: 2.647 loading class sun/security/util/KnownOIDs$7 done
Event: 2.647 loading class sun/security/util/KnownOIDs$8
Event: 2.647 loading class sun/security/util/KnownOIDs$8 done
Event: 2.647 loading class sun/security/util/KnownOIDs$9
Event: 2.647 loading class sun/security/util/KnownOIDs$9 done
Event: 2.647 loading class sun/security/util/KnownOIDs$10
Event: 2.647 loading class sun/security/util/KnownOIDs$10 done


Dynamic libraries:
0x0000000100cd8000 	/Library/Java/JavaVirtualMachines/jdk-17.jdk/Contents/Home/lib/libjli.dylib
0x00000001b8b57000 	/System/Library/Frameworks/Cocoa.framework/Versions/A/Cocoa
0x00000001a4d61000 	/System/Library/Frameworks/AppKit.framework/Versions/C/AppKit
0x00000001a8278000 	/System/Library/Frameworks/CoreData.framework/Versions/A/CoreData
0x00000001a30bc000 	/System/Library/Frameworks/Foundation.framework/Versions/C/Foundation
0x00000001accd4000 	/usr/lib/libSystem.B.dylib
0x00000001a5c1a000 	/System/Library/PrivateFrameworks/UIFoundation.framework/Versions/A/UIFoundation
0x00000001b2d23000 	/System/Library/PrivateFrameworks/RemoteViewServices.framework/Versions/A/RemoteViewServices
0x00000001ab194000 	/System/Library/PrivateFrameworks/XCTTargetBootstrap.framework/Versions/A/XCTTargetBootstrap
0x00000001aea14000 	/System/Library/PrivateFrameworks/InternationalSupport.framework/Versions/A/InternationalSupport
0x00000001aea9d000 	/System/Library/PrivateFrameworks/UserActivity.framework/Versions/A/UserActivity
0x00000001adf0b000 	/usr/lib/libspindump.dylib
0x00000001a5e8b000 	/System/Library/Frameworks/UniformTypeIdentifiers.framework/Versions/A/UniformTypeIdentifiers
0x00000001a96dc000 	/usr/lib/libapp_launch_measurement.dylib
0x00000001a8c04000 	/System/Library/PrivateFrameworks/CoreAnalytics.framework/Versions/A/CoreAnalytics
0x00000001a96df000 	/System/Library/PrivateFrameworks/CoreAutoLayout.framework/Versions/A/CoreAutoLayout
0x00000001aaa83000 	/System/Library/Frameworks/Metal.framework/Versions/A/Metal
0x00000001ab7fc000 	/usr/lib/liblangid.dylib
0x00000001ab199000 	/System/Library/PrivateFrameworks/CoreSVG.framework/Versions/A/CoreSVG
0x00000001a7322000 	/System/Library/PrivateFrameworks/SkyLight.framework/Versions/A/SkyLight
0x00000001a76fe000 	/System/Library/Frameworks/CoreGraphics.framework/Versions/A/CoreGraphics
0x00000001b33ef000 	/System/Library/Frameworks/Accelerate.framework/Versions/A/Accelerate
0x00000001ad982000 	/System/Library/PrivateFrameworks/IconServices.framework/Versions/A/IconServices
0x00000001aaa65000 	/System/Library/Frameworks/IOSurface.framework/Versions/A/IOSurface
0x00000001a8c35000 	/usr/lib/libDiagnosticMessagesClient.dylib
0x00000001acc1d000 	/usr/lib/libz.1.dylib
0x00000001b68f4000 	/System/Library/Frameworks/ApplicationServices.framework/Versions/A/ApplicationServices
0x00000001ab17c000 	/System/Library/PrivateFrameworks/DFRFoundation.framework/Versions/A/DFRFoundation
0x00000001a45f1000 	/usr/lib/libicucore.A.dylib
0x00000001af8c2000 	/System/Library/Frameworks/AudioToolbox.framework/Versions/A/AudioToolbox
0x00000001aea20000 	/System/Library/PrivateFrameworks/DataDetectorsCore.framework/Versions/A/DataDetectorsCore
0x00000001c5440000 	/System/Library/PrivateFrameworks/TextInput.framework/Versions/A/TextInput
0x00000001a7297000 	/usr/lib/libMobileGestalt.dylib
0x00000001aae48000 	/System/Library/Frameworks/Carbon.framework/Versions/A/Frameworks/HIToolbox.framework/Versions/A/HIToolbox
0x00000001a90b5000 	/System/Library/Frameworks/QuartzCore.framework/Versions/A/QuartzCore
0x00000001a4272000 	/System/Library/Frameworks/Security.framework/Versions/A/Security
0x00000001b2d63000 	/System/Library/Frameworks/Carbon.framework/Versions/A/Frameworks/SpeechRecognition.framework/Versions/A/SpeechRecognition
0x00000001a9431000 	/System/Library/PrivateFrameworks/CoreUI.framework/Versions/A/CoreUI
0x00000001a3b4e000 	/System/Library/Frameworks/CoreAudio.framework/Versions/A/CoreAudio
0x00000001a8d29000 	/System/Library/Frameworks/DiskArbitration.framework/Versions/A/DiskArbitration
0x00000001ae315000 	/System/Library/PrivateFrameworks/MultitouchSupport.framework/Versions/A/MultitouchSupport
0x00000001a7295000 	/usr/lib/libenergytrace.dylib
0x00000001a4c29000 	/System/Library/Frameworks/IOKit.framework/Versions/A/IOKit
0x00000001b3152000 	/System/Library/Frameworks/CoreServices.framework/Versions/A/CoreServices
0x00000001a966c000 	/System/Library/PrivateFrameworks/PerformanceAnalysis.framework/Versions/A/PerformanceAnalysis
0x00000002038e7000 	/System/Library/Frameworks/OpenGL.framework/Versions/A/OpenGL
0x00000001ac26f000 	/System/Library/PrivateFrameworks/MobileKeyBag.framework/Versions/A/MobileKeyBag
0x00000001a1fef000 	/usr/lib/libobjc.A.dylib
0x00000001a7d0c000 	/System/Library/Frameworks/ColorSync.framework/Versions/A/ColorSync
0x00000001a21b8000 	/System/Library/Frameworks/CoreFoundation.framework/Versions/A/CoreFoundation
0x00000001ab418000 	/System/Library/Frameworks/CoreImage.framework/Versions/A/CoreImage
0x00000001a3972000 	/System/Library/Frameworks/CoreText.framework/Versions/A/CoreText
0x00000001ab1c9000 	/System/Library/Frameworks/ImageIO.framework/Versions/A/ImageIO
0x00000001accda000 	/System/Library/PrivateFrameworks/SoftLinking.framework/Versions/A/SoftLinking
0x00000001a972a000 	/usr/lib/libxml2.2.dylib
0x00000001a20b2000 	/usr/lib/libc++.1.dylib
0x00000001acf73000 	/usr/lib/libcompression.dylib
0x00000001ae970000 	/System/Library/PrivateFrameworks/TextureIO.framework/Versions/A/TextureIO
0x00000001ad69b000 	/usr/lib/libate.dylib
0x00000001accce000 	/usr/lib/system/libcache.dylib
0x00000001acc8c000 	/usr/lib/system/libcommonCrypto.dylib
0x00000001accb5000 	/usr/lib/system/libcompiler_rt.dylib
0x00000001accac000 	/usr/lib/system/libcopyfile.dylib
0x00000001a1ef3000 	/usr/lib/system/libcorecrypto.dylib
0x00000001a1fa8000 	/usr/lib/system/libdispatch.dylib
0x00000001a2176000 	/usr/lib/system/libdyld.dylib
0x00000001accc4000 	/usr/lib/system/libkeymgr.dylib
0x00000001acc67000 	/usr/lib/system/libmacho.dylib
0x00000001ac357000 	/usr/lib/system/libquarantine.dylib
0x00000001accc1000 	/usr/lib/system/libremovefile.dylib
0x00000001a72ee000 	/usr/lib/system/libsystem_asl.dylib
0x00000001a1e95000 	/usr/lib/system/libsystem_blocks.dylib
0x00000001a2030000 	/usr/lib/system/libsystem_c.dylib
0x00000001accb9000 	/usr/lib/system/libsystem_collections.dylib
0x00000001ab7ec000 	/usr/lib/system/libsystem_configuration.dylib
0x00000001aaa46000 	/usr/lib/system/libsystem_containermanager.dylib
0x00000001ac9c4000 	/usr/lib/system/libsystem_coreservices.dylib
0x00000001a48a7000 	/usr/lib/system/libsystem_darwin.dylib
0x00000001accc5000 	/usr/lib/system/libsystem_dnssd.dylib
0x00000001a202d000 	/usr/lib/system/libsystem_featureflags.dylib
0x00000001a218b000 	/usr/lib/system/libsystem_info.dylib
0x00000001acc2f000 	/usr/lib/system/libsystem_m.dylib
0x00000001a1f7d000 	/usr/lib/system/libsystem_malloc.dylib
0x00000001a727c000 	/usr/lib/system/libsystem_networkextension.dylib
0x00000001a4d00000 	/usr/lib/system/libsystem_notify.dylib
0x00000001b3029000 	/usr/lib/system/libsystem_product_info_filter.dylib
0x00000001ab7f1000 	/usr/lib/system/libsystem_sandbox.dylib
0x00000001accbe000 	/usr/lib/system/libsystem_secinit.dylib
0x00000001a2131000 	/usr/lib/system/libsystem_kernel.dylib
0x00000001a2183000 	/usr/lib/system/libsystem_platform.dylib
0x00000001a2169000 	/usr/lib/system/libsystem_pthread.dylib
0x00000001a8a52000 	/usr/lib/system/libsystem_symptoms.dylib
0x00000001a1ed9000 	/usr/lib/system/libsystem_trace.dylib
0x00000001acc99000 	/usr/lib/system/libunwind.dylib
0x00000001a1e97000 	/usr/lib/system/libxpc.dylib
0x00000001a2119000 	/usr/lib/libc++abi.dylib
0x00000001acca4000 	/usr/lib/liboah.dylib
0x00000001ad560000 	/usr/lib/liblzma.5.dylib
0x00000001a2daf000 	/System/Library/Frameworks/SystemConfiguration.framework/Versions/A/SystemConfiguration
0x00000001accd6000 	/usr/lib/libfakelink.dylib
0x00000001a6dc7000 	/System/Library/Frameworks/CFNetwork.framework/Versions/A/CFNetwork
0x00000001ace1c000 	/usr/lib/libarchive.2.dylib
0x00000001ab7f8000 	/System/Library/PrivateFrameworks/AppleSystemInfo.framework/Versions/A/AppleSystemInfo
0x00000001ac382000 	/usr/lib/libbsm.0.dylib
0x00000001a6334000 	/usr/lib/libnetwork.dylib
0x00000001acc70000 	/usr/lib/system/libkxld.dylib
0x00000001abf9c000 	/System/Library/PrivateFrameworks/IOMobileFramebuffer.framework/Versions/A/IOMobileFramebuffer
0x0000000221cd1000 	/usr/lib/libCoreEntitlements.dylib
0x00000001ac9a6000 	/System/Library/PrivateFrameworks/AppleFSCompression.framework/Versions/A/AppleFSCompression
0x00000001ac36a000 	/usr/lib/libcoretls.dylib
0x00000001ad579000 	/usr/lib/libcoretls_cfhelpers.dylib
0x00000001acf6e000 	/usr/lib/libpam.2.dylib
0x00000001a8668000 	/usr/lib/libsqlite3.dylib
0x00000001ad5e2000 	/usr/lib/libxar.1.dylib
0x00000001ac9b7000 	/usr/lib/libbz2.1.0.dylib
0x00000001accdb000 	/usr/lib/libpcap.A.dylib
0x00000001a8a49000 	/usr/lib/libdns_services.dylib
0x00000001acf41000 	/usr/lib/libapple_nghttp2.dylib
0x00000001acd18000 	/usr/lib/libiconv.2.dylib
0x00000001acc66000 	/usr/lib/libcharset.1.dylib
0x00000001a96a8000 	/System/Library/Frameworks/CoreServices.framework/Versions/A/Frameworks/FSEvents.framework/Versions/A/FSEvents
0x00000001a48b2000 	/System/Library/Frameworks/CoreServices.framework/Versions/A/Frameworks/CarbonCore.framework/Versions/A/CarbonCore
0x00000001a8c89000 	/System/Library/Frameworks/CoreServices.framework/Versions/A/Frameworks/Metadata.framework/Versions/A/Metadata
0x00000001ac9ca000 	/System/Library/Frameworks/CoreServices.framework/Versions/A/Frameworks/OSServices.framework/Versions/A/OSServices
0x00000001acea2000 	/System/Library/Frameworks/CoreServices.framework/Versions/A/Frameworks/SearchKit.framework/Versions/A/SearchKit
0x00000001a89d7000 	/System/Library/Frameworks/CoreServices.framework/Versions/A/Frameworks/AE.framework/Versions/A/AE
0x00000001a26ff000 	/System/Library/Frameworks/CoreServices.framework/Versions/A/Frameworks/LaunchServices.framework/Versions/A/LaunchServices
0x00000001ad509000 	/System/Library/Frameworks/CoreServices.framework/Versions/A/Frameworks/DictionaryServices.framework/Versions/A/DictionaryServices
0x00000001a96b5000 	/System/Library/Frameworks/CoreServices.framework/Versions/A/Frameworks/SharedFileList.framework/Versions/A/SharedFileList
0x00000001ac35a000 	/usr/lib/libCheckFix.dylib
0x00000001a7306000 	/System/Library/PrivateFrameworks/TCC.framework/Versions/A/TCC
0x00000001ab7fe000 	/System/Library/PrivateFrameworks/CoreNLP.framework/Versions/A/CoreNLP
0x00000001a8c38000 	/System/Library/PrivateFrameworks/MetadataUtilities.framework/Versions/A/MetadataUtilities
0x00000001a2e69000 	/usr/lib/libmecabra.dylib
0x00000001ac393000 	/usr/lib/libmecab.dylib
0x00000001a2e35000 	/usr/lib/libCRFSuite.dylib
0x00000001ac3f0000 	/usr/lib/libgermantok.dylib
0x00000001acf1a000 	/usr/lib/libThaiTokenizer.dylib
0x00000001a8d31000 	/System/Library/Frameworks/Accelerate.framework/Versions/A/Frameworks/vImage.framework/Versions/A/vImage
0x00000001b3129000 	/System/Library/Frameworks/Accelerate.framework/Versions/A/Frameworks/vecLib.framework/Versions/A/vecLib
0x00000001ad627000 	/System/Library/Frameworks/Accelerate.framework/Versions/A/Frameworks/vecLib.framework/Versions/A/libvMisc.dylib
0x00000001abea3000 	/System/Library/Frameworks/Accelerate.framework/Versions/A/Frameworks/vecLib.framework/Versions/A/libvDSP.dylib
0x00000001a2a8a000 	/System/Library/Frameworks/Accelerate.framework/Versions/A/Frameworks/vecLib.framework/Versions/A/libBLAS.dylib
0x00000001ad044000 	/System/Library/Frameworks/Accelerate.framework/Versions/A/Frameworks/vecLib.framework/Versions/A/libLAPACK.dylib
0x00000001ac3f3000 	/System/Library/Frameworks/Accelerate.framework/Versions/A/Frameworks/vecLib.framework/Versions/A/libLinearAlgebra.dylib
0x00000001acf59000 	/System/Library/Frameworks/Accelerate.framework/Versions/A/Frameworks/vecLib.framework/Versions/A/libSparseBLAS.dylib
0x00000001ad03f000 	/System/Library/Frameworks/Accelerate.framework/Versions/A/Frameworks/vecLib.framework/Versions/A/libQuadrature.dylib
0x00000001ab8f7000 	/System/Library/Frameworks/Accelerate.framework/Versions/A/Frameworks/vecLib.framework/Versions/A/libBNNS.dylib
0x00000001a2d48000 	/System/Library/Frameworks/Accelerate.framework/Versions/A/Frameworks/vecLib.framework/Versions/A/libSparse.dylib
0x00000001ab8ef000 	/System/Library/PrivateFrameworks/LinguisticData.framework/Versions/A/LinguisticData
0x00000001a2d00000 	/System/Library/PrivateFrameworks/Lexicon.framework/Versions/A/Lexicon
0x00000001ad61f000 	/usr/lib/libChineseTokenizer.dylib
0x00000001a34ae000 	/System/Library/PrivateFrameworks/LanguageModeling.framework/Versions/A/LanguageModeling
0x00000001acf1c000 	/System/Library/PrivateFrameworks/AppleSauce.framework/Versions/A/AppleSauce
0x00000001abf89000 	/System/Library/PrivateFrameworks/CoreEmoji.framework/Versions/A/CoreEmoji
0x00000001ace0a000 	/usr/lib/libcmph.dylib
0x00000001a9688000 	/System/Library/Frameworks/OpenDirectory.framework/Versions/A/Frameworks/CFOpenDirectory.framework/Versions/A/CFOpenDirectory
0x00000001a9678000 	/System/Library/Frameworks/OpenDirectory.framework/Versions/A/OpenDirectory
0x00000001ad57b000 	/System/Library/PrivateFrameworks/APFS.framework/Versions/A/APFS
0x00000001ac2aa000 	/System/Library/Frameworks/SecurityFoundation.framework/Versions/A/SecurityFoundation
0x00000001ad5f1000 	/usr/lib/libutil.dylib
0x00000001a4beb000 	/System/Library/PrivateFrameworks/CoreServicesStore.framework/Versions/A/CoreServicesStore
0x00000001ad5f5000 	/usr/lib/libxslt.1.dylib
0x00000001ac33e000 	/System/Library/PrivateFrameworks/BackgroundTaskManagement.framework/Versions/A/BackgroundTaskManagement
0x00000001ae891000 	/System/Library/Frameworks/ImageIO.framework/Versions/A/Resources/libRadiance.dylib
0x00000001ae89a000 	/System/Library/Frameworks/ImageIO.framework/Versions/A/Resources/libJPEG.dylib
0x00000001ae7ed000 	/System/Library/Frameworks/ImageIO.framework/Versions/A/Resources/libPng.dylib
0x00000001ae80f000 	/System/Library/Frameworks/ImageIO.framework/Versions/A/Resources/libTIFF.dylib
0x00000001ae8f5000 	/System/Library/Frameworks/ImageIO.framework/Versions/A/Resources/libGIF.dylib
0x00000001ae225000 	/System/Library/Frameworks/ImageIO.framework/Versions/A/Resources/libJP2.dylib
0x00000001ad947000 	/usr/lib/libexpat.1.dylib
0x00000001ae1e0000 	/System/Library/PrivateFrameworks/AppleJPEG.framework/Versions/A/AppleJPEG
0x00000001aad04000 	/System/Library/PrivateFrameworks/FontServices.framework/libFontParser.dylib
0x00000001a897c000 	/System/Library/PrivateFrameworks/RunningBoardServices.framework/Versions/A/RunningBoardServices
0x00000001b922e000 	/System/Library/PrivateFrameworks/IOSurfaceAccelerator.framework/Versions/A/IOSurfaceAccelerator
0x00000001ae311000 	/System/Library/PrivateFrameworks/WatchdogClient.framework/Versions/A/WatchdogClient
0x00000001a35ae000 	/System/Library/Frameworks/CoreDisplay.framework/Versions/A/CoreDisplay
0x00000001aabee000 	/System/Library/Frameworks/CoreMedia.framework/Versions/A/CoreMedia
0x00000001aaa79000 	/System/Library/PrivateFrameworks/IOAccelerator.framework/Versions/A/IOAccelerator
0x00000001a9818000 	/System/Library/Frameworks/CoreVideo.framework/Versions/A/CoreVideo
0x00000001acf6c000 	/System/Library/Frameworks/MetalPerformanceShaders.framework/Versions/A/MetalPerformanceShaders
0x00000001ae350000 	/System/Library/Frameworks/VideoToolbox.framework/Versions/A/VideoToolbox
0x00000001a88c0000 	/System/Library/PrivateFrameworks/BaseBoard.framework/Versions/A/BaseBoard
0x00000001a864e000 	/System/Library/PrivateFrameworks/ProtocolBuffer.framework/Versions/A/ProtocolBuffer
0x00000001ae88c000 	/System/Library/PrivateFrameworks/GPUWrangler.framework/Versions/A/GPUWrangler
0x00000001ae86c000 	/System/Library/PrivateFrameworks/IOPresentment.framework/Versions/A/IOPresentment
0x00000001ae894000 	/System/Library/PrivateFrameworks/DSExternalDisplay.framework/Versions/A/DSExternalDisplay
0x00000002038da000 	/System/Library/Frameworks/OpenGL.framework/Versions/A/Libraries/libCoreFSCache.dylib
0x000000020e7a4000 	/System/Library/PrivateFrameworks/GPUCompiler.framework/Versions/31001/Libraries/libGPUCompilerUtils.dylib
0x00000001ae8fa000 	/System/Library/PrivateFrameworks/CMCaptureCore.framework/Versions/A/CMCaptureCore
0x00000001adef8000 	/System/Library/PrivateFrameworks/AppServerSupport.framework/Versions/A/AppServerSupport
0x00000001b0180000 	/System/Library/PrivateFrameworks/perfdata.framework/Versions/A/perfdata
0x00000001a36ce000 	/System/Library/PrivateFrameworks/AudioToolboxCore.framework/Versions/A/AudioToolboxCore
0x00000001aabc7000 	/System/Library/PrivateFrameworks/caulk.framework/Versions/A/caulk
0x00000001afa75000 	/usr/lib/libAudioStatistics.dylib
0x00000001c1a93000 	/System/Library/PrivateFrameworks/SystemPolicy.framework/Versions/A/SystemPolicy
0x00000001afce1000 	/usr/lib/libSMC.dylib
0x00000001b8a35000 	/System/Library/Frameworks/CoreMIDI.framework/Versions/A/CoreMIDI
0x00000001ae7bb000 	/usr/lib/libAudioToolboxUtility.dylib
0x00000001bdbf6000 	/System/Library/PrivateFrameworks/OSAServicesClient.framework/Versions/A/OSAServicesClient
0x00000001b018d000 	/usr/lib/libperfcheck.dylib
0x00000001c25b2000 	/usr/lib/libmis.dylib
0x000000020393c000 	/System/Library/Frameworks/OpenGL.framework/Versions/A/Libraries/libGLU.dylib
0x00000002038fb000 	/System/Library/Frameworks/OpenGL.framework/Versions/A/Libraries/libGFXShared.dylib
0x0000000203ae8000 	/System/Library/Frameworks/OpenGL.framework/Versions/A/Libraries/libGL.dylib
0x0000000203904000 	/System/Library/Frameworks/OpenGL.framework/Versions/A/Libraries/libGLImage.dylib
0x00000002038f8000 	/System/Library/Frameworks/OpenGL.framework/Versions/A/Libraries/libCVMSPluginSupport.dylib
0x00000002038e1000 	/System/Library/Frameworks/OpenGL.framework/Versions/A/Libraries/libCoreVMClient.dylib
0x00000001ab778000 	/System/Library/Frameworks/MetalPerformanceShaders.framework/Versions/A/Frameworks/MPSCore.framework/Versions/A/MPSCore
0x00000001ac919000 	/System/Library/Frameworks/MetalPerformanceShaders.framework/Versions/A/Frameworks/MPSImage.framework/Versions/A/MPSImage
0x00000001ac408000 	/System/Library/Frameworks/MetalPerformanceShaders.framework/Versions/A/Frameworks/MPSNeuralNetwork.framework/Versions/A/MPSNeuralNetwork
0x00000001ac841000 	/System/Library/Frameworks/MetalPerformanceShaders.framework/Versions/A/Frameworks/MPSMatrix.framework/Versions/A/MPSMatrix
0x00000001ac61a000 	/System/Library/Frameworks/MetalPerformanceShaders.framework/Versions/A/Frameworks/MPSRayIntersector.framework/Versions/A/MPSRayIntersector
0x00000001ac872000 	/System/Library/Frameworks/MetalPerformanceShaders.framework/Versions/A/Frameworks/MPSNDArray.framework/Versions/A/MPSNDArray
0x00000002063e3000 	/System/Library/Frameworks/MetalPerformanceShaders.framework/Versions/A/Frameworks/MPSFunctions.framework/Versions/A/MPSFunctions
0x00000001a2960000 	/System/Library/PrivateFrameworks/MetalTools.framework/Versions/A/MetalTools
0x00000001ab7f6000 	/System/Library/PrivateFrameworks/AggregateDictionary.framework/Versions/A/AggregateDictionary
0x00000001ad72c000 	/usr/lib/libIOReport.dylib
0x00000001b7a4e000 	/System/Library/PrivateFrameworks/ASEProcessing.framework/Versions/A/ASEProcessing
0x00000001adaa1000 	/System/Library/PrivateFrameworks/FaceCore.framework/Versions/A/FaceCore
0x00000001ada93000 	/System/Library/PrivateFrameworks/GraphVisualizer.framework/Versions/A/GraphVisualizer
0x000000020e6bb000 	/System/Library/PrivateFrameworks/FontServices.framework/Versions/A/FontServices
0x00000001adeb4000 	/System/Library/PrivateFrameworks/OTSVG.framework/Versions/A/OTSVG
0x00000001a93e1000 	/System/Library/Frameworks/ApplicationServices.framework/Versions/A/Frameworks/ATS.framework/Versions/A/Resources/libFontRegistry.dylib
0x00000001adf01000 	/System/Library/PrivateFrameworks/FontServices.framework/libhvf.dylib
0x000000020e6bc000 	/System/Library/PrivateFrameworks/FontServices.framework/libXTFontStaticRegistryData.dylib
0x0000000203c89000 	/System/Library/Frameworks/OpenCL.framework/Versions/A/OpenCL
0x00000001ad8fb000 	/System/Library/PrivateFrameworks/AppleVA.framework/Versions/A/AppleVA
0x00000001afa9d000 	/System/Library/Frameworks/ApplicationServices.framework/Versions/A/Frameworks/ATS.framework/Versions/A/ATS
0x00000001a7e0b000 	/System/Library/Frameworks/ApplicationServices.framework/Versions/A/Frameworks/HIServices.framework/Versions/A/HIServices
0x00000001ae904000 	/System/Library/Frameworks/ApplicationServices.framework/Versions/A/Frameworks/PrintCore.framework/Versions/A/PrintCore
0x00000001afe34000 	/System/Library/Frameworks/ApplicationServices.framework/Versions/A/Frameworks/QD.framework/Versions/A/QD
0x00000001afe2c000 	/System/Library/Frameworks/ApplicationServices.framework/Versions/A/Frameworks/ColorSyncLegacy.framework/Versions/A/ColorSyncLegacy
0x00000001afa89000 	/System/Library/Frameworks/ApplicationServices.framework/Versions/A/Frameworks/SpeechSynthesis.framework/Versions/A/SpeechSynthesis
0x00000001ae8c5000 	/System/Library/Frameworks/ApplicationServices.framework/Versions/A/Frameworks/ATSUI.framework/Versions/A/ATSUI
0x00000001afdc1000 	/usr/lib/libcups.2.dylib
0x00000001b019b000 	/System/Library/Frameworks/Kerberos.framework/Versions/A/Kerberos
0x00000001b01ac000 	/System/Library/Frameworks/GSS.framework/Versions/A/GSS
0x00000001afb0d000 	/usr/lib/libresolv.9.dylib
0x00000001adf10000 	/System/Library/PrivateFrameworks/Heimdal.framework/Versions/A/Heimdal
0x00000001b6c84000 	/System/Library/Frameworks/Kerberos.framework/Versions/A/Libraries/libHeimdalProxy.dylib
0x00000001a8a5b000 	/System/Library/Frameworks/Network.framework/Versions/A/Network
0x00000001ad962000 	/usr/lib/libheimdal-asn1.dylib
0x00000001b01fc000 	/System/Library/PrivateFrameworks/CommonAuth.framework/Versions/A/CommonAuth
0x00000001afa03000 	/System/Library/PrivateFrameworks/AudioSession.framework/Versions/A/AudioSession
0x00000001ad9f4000 	/System/Library/PrivateFrameworks/MediaExperience.framework/Versions/A/MediaExperience
0x00000001af888000 	/System/Library/PrivateFrameworks/AudioSession.framework/libSessionUtility.dylib
0x00000001afe40000 	/System/Library/PrivateFrameworks/AudioResourceArbitration.framework/Versions/A/AudioResourceArbitration
0x00000001b4006000 	/System/Library/PrivateFrameworks/PowerLog.framework/Versions/A/PowerLog
0x00000001ad96c000 	/System/Library/PrivateFrameworks/IconFoundation.framework/Versions/A/IconFoundation
0x00000001b2d4f000 	/System/Library/PrivateFrameworks/SpeechRecognitionCore.framework/Versions/A/SpeechRecognitionCore
0x00000001e7b7e000 	/System/Library/CoreServices/Encodings/libKoreanConverter.dylib
0x0000000101d14000 	/Library/Java/JavaVirtualMachines/jdk-17.jdk/Contents/Home/lib/server/libjvm.dylib
0x0000000100d3c000 	/Library/Java/JavaVirtualMachines/jdk-17.jdk/Contents/Home/lib/libjimage.dylib
0x0000000100e24000 	/Library/Java/JavaVirtualMachines/jdk-17.jdk/Contents/Home/lib/libinstrument.dylib
0x0000000100e70000 	/Library/Java/JavaVirtualMachines/jdk-17.jdk/Contents/Home/lib/libjava.dylib
0x0000000100fac000 	/private/var/folders/vd/88dzzhx91578tk2lj0zrysfm0000gn/T/libasyncProfiler.so
0x0000000101a38000 	/Library/Java/JavaVirtualMachines/jdk-17.jdk/Contents/Home/lib/libzip.dylib
0x0000000101a60000 	/Library/Java/JavaVirtualMachines/jdk-17.jdk/Contents/Home/lib/libnio.dylib
0x0000000101a80000 	/Library/Java/JavaVirtualMachines/jdk-17.jdk/Contents/Home/lib/libnet.dylib
0x0000000100e5c000 	/Library/Java/JavaVirtualMachines/jdk-17.jdk/Contents/Home/lib/libextnet.dylib
0x0000000101ab8000 	/Library/Java/JavaVirtualMachines/jdk-17.jdk/Contents/Home/lib/libmanagement.dylib
0x0000000101acc000 	/Library/Java/JavaVirtualMachines/jdk-17.jdk/Contents/Home/lib/libmanagement_ext.dylib


VM Arguments:
jvm_args: -XX:TieredStopAtLevel=1 -Dspring.output.ansi.enabled=always -Dcom.sun.management.jmxremote -Dspring.jmx.enabled=true -Dspring.liveBeansView.mbeanDomain -Dspring.application.admin.enabled=true -Dmanagement.endpoints.jmx.exposure.include=* -javaagent:/Applications/IntelliJ IDEA.app/Contents/lib/idea_rt.jar=59847:/Applications/IntelliJ IDEA.app/Contents/bin -agentpath:/private/var/folders/vd/88dzzhx91578tk2lj0zrysfm0000gn/T/libasyncProfiler.so=start,jfr,event=cpu,interval=10ms,jfrsync=profile,cstack=no,file=/Users/parkjiseob/IdeaSnapshots/ServerApplication_2024_01_07_152003.jfr,log=/private/var/folders/vd/88dzzhx91578tk2lj0zrysfm0000gn/T/ServerApplication_2024_01_07_152003.jfr.log.txt,logLevel=DEBUG -Dfile.encoding=UTF-8 
java_command: enhanced_inventory.server.ServerApplication
java_class_path (initial): /Users/parkjiseob/code/enhanced-inventory-server/build/classes/java/main:/Users/parkjiseob/code/enhanced-inventory-server/build/resources/main:/Users/parkjiseob/.gradle/caches/modules-2/files-2.1/org.projectlombok/lombok/1.18.28/a2ff5da8bcd8b1b26f36b806ced63213362c6dcc/lombok-1.18.28.jar:/Users/parkjiseob/.gradle/caches/modules-2/files-2.1/org.springframework.boot/spring-boot-starter-data-jpa/3.1.1/f129ea070d7d7152c984189301dc751be45f9a38/spring-boot-starter-data-jpa-3.1.1.jar:/Users/parkjiseob/.gradle/caches/modules-2/files-2.1/org.springframework.boot/spring-boot-starter-thymeleaf/3.1.1/69e351b19ee4fa37ff7cb851354498a880b5a937/spring-boot-starter-thymeleaf-3.1.1.jar:/Users/parkjiseob/.gradle/caches/modules-2/files-2.1/org.springframework.boot/spring-boot-starter-data-rest/3.1.1/a9a4ca94b81e583a6f4cd2dd829586fd353bcc78/spring-boot-starter-data-rest-3.1.1.jar:/Users/parkjiseob/.gradle/caches/modules-2/files-2.1/org.springframework.boot/spring-boot-starter-web/3.1.1/f2c2d9e35430e4b4a98ad91780bb9b2d1deec08/spring-boot-starter-web-3.1.1.jar:/Users/parkjiseob/.gradle/caches/modules-2/files-2.1/org.springframework.boot/spring-boot-starter/3.1.1/cf74eeaef5a265c75dd89fea829391bf08efdb6c/spring-boot-starter-3.1.1.jar:/Users/parkjiseob/.gradle/caches/modules-2/files-2.1/org.springframework.data/spring-data-rest-hal-explorer/4.1.1/b7fbb3af0b9d4bde3c44393cd07fa2a2ae169504/spring-data-rest-hal-explorer-4.1.1.jar:/Users/parkjiseob/.gradle/caches/modules-2/files-2.1/org.thymeleaf.extras/thymeleaf-extras-springsecurity6/3.1.1.RELEASE/af922bd525aa914b70723f3b19adefd09c49bb3b/thymeleaf-extras-springsecurity6-3.1.1.RELEASE.jar:/Users/parkjiseob/.gradle/caches/modules-2/files-2.1/org.springframework.boot/spring-boot-starter-aop/3.1.1/f72362878ded668b8c3a12f8465ced98ef3fb188/spring-boot-starter-aop-3.1.1.jar:/Users/parkjiseob/.gradle/caches/modules-2/files-2.1/org.springframework.boot/spring-boot-starter-jdbc/3.1.1/8e6bdc511fc9ade17c09fcc20a0f6a44fa39a876/s
Launcher Type: SUN_STANDARD

[Global flags]
     intx CICompilerCount                          = 4                                         {product} {ergonomic}
     uint ConcGCThreads                            = 2                                         {product} {ergonomic}
     bool FlightRecorder                           = true                                      {product} {management}
     uint G1ConcRefinementThreads                  = 8                                         {product} {ergonomic}
   size_t G1HeapRegionSize                         = 2097152                                   {product} {ergonomic}
    uintx GCDrainStackTargetSize                   = 64                                        {product} {ergonomic}
   size_t InitialHeapSize                          = 268435456                                 {product} {ergonomic}
     bool ManagementServer                         = true                                      {product} {command line}
   size_t MarkStackSize                            = 4194304                                   {product} {ergonomic}
   size_t MaxHeapSize                              = 4294967296                                {product} {ergonomic}
   size_t MaxNewSize                               = 2575302656                                {product} {ergonomic}
   size_t MinHeapDeltaBytes                        = 2097152                                   {product} {ergonomic}
   size_t MinHeapSize                              = 8388608                                   {product} {ergonomic}
    uintx NonProfiledCodeHeapSize                  = 0                                      {pd product} {ergonomic}
     bool ProfileInterpreter                       = false                                  {pd product} {command line}
    uintx ProfiledCodeHeapSize                     = 0                                      {pd product} {ergonomic}
   size_t SoftMaxHeapSize                          = 4294967296                             {manageable} {ergonomic}
     intx TieredStopAtLevel                        = 1                                         {product} {command line}
     bool UseCompressedClassPointers               = true                           {product lp64_product} {ergonomic}
     bool UseCompressedOops                        = true                           {product lp64_product} {ergonomic}
     bool UseG1GC                                  = true                                      {product} {ergonomic}
     bool UseNUMA                                  = false                                     {product} {ergonomic}
     bool UseNUMAInterleaving                      = false                                     {product} {ergonomic}

Logging:
Log output configuration:
 #0: stdout all=warning,jni+resolve=error uptime,level,tags (reconfigured)
 #1: stderr all=off uptime,level,tags

Environment Variables:
PATH=/Users/parkjiseob/.nvm/versions/node/v16.20.1/bin:/opt/homebrew/bin:/Users/parkjiseob/.docker/bin:/usr/local/bin:/usr/bin:/bin:/usr/sbin:/sbin:/Applications/IntelliJ IDEA.app/Contents/MacOS
SHELL=/bin/zsh
LANG=ko_KR.UTF-8

Signal Handlers:
   SIGSEGV: _ZL13crash_handleriP9__siginfoPv in libjvm.dylib, mask=11100110000111110111111111111111, flags=SA_RESTART|SA_SIGINFO
    SIGBUS: _ZL13crash_handleriP9__siginfoPv in libjvm.dylib, mask=11100110000111110111111111111111, flags=SA_RESTART|SA_SIGINFO
    SIGFPE: _ZL13crash_handleriP9__siginfoPv in libjvm.dylib, mask=11100110000111110111111111111111, flags=SA_RESTART|SA_SIGINFO
   SIGPIPE: _ZL17javaSignalHandleriP9__siginfoPv in libjvm.dylib, mask=11100110000111110111111111111111, flags=SA_RESTART|SA_SIGINFO
   SIGXFSZ: _ZL17javaSignalHandleriP9__siginfoPv in libjvm.dylib, mask=11100110000111110111111111111111, flags=SA_RESTART|SA_SIGINFO
    SIGILL: _ZL13crash_handleriP9__siginfoPv in libjvm.dylib, mask=11100110000111110111111111111111, flags=SA_RESTART|SA_SIGINFO
   SIGUSR2: _ZL10SR_handleriP9__siginfoP17__darwin_ucontext in libjvm.dylib, mask=00100000000000000000000000000000, flags=SA_RESTART|SA_SIGINFO
    SIGHUP: _ZL11UserHandleriPvS_ in libjvm.dylib, mask=11100110000111110111111111111111, flags=SA_RESTART|SA_SIGINFO
    SIGINT: _ZL11UserHandleriPvS_ in libjvm.dylib, mask=11100110000111110111111111111111, flags=SA_RESTART|SA_SIGINFO
   SIGTERM: _ZL11UserHandleriPvS_ in libjvm.dylib, mask=11100110000111110111111111111111, flags=SA_RESTART|SA_SIGINFO
   SIGQUIT: _ZL11UserHandleriPvS_ in libjvm.dylib, mask=11100110000111110111111111111111, flags=SA_RESTART|SA_SIGINFO
   SIGTRAP: _ZL13crash_handleriP9__siginfoPv in libjvm.dylib, mask=11100110000111110111111111111111, flags=SA_RESTART|SA_SIGINFO


---------------  S Y S T E M  ---------------

OS:
uname: Darwin 21.6.0 Darwin Kernel Version 21.6.0: Sat Jun 18 17:05:47 PDT 2022; root:xnu-8020.140.41~1/RELEASE_ARM64_T8101 arm64
OS uptime: 2 days 17:48 hours
rlimit (soft/hard): STACK 8176k/65520k , CORE 0k/infinity , NPROC 2666/2666 , NOFILE 10240/infinity , AS infinity/infinity , CPU infinity/infinity , DATA infinity/infinity , FSIZE infinity/infinity , MEMLOCK infinity/infinity , RSS infinity/infinity
load average: 2.47 2.60 2.43

CPU: total 8 (initial active 8) 0x61:0x0:0x1b588bb3:0, fp, simd, crc, lse

Memory: 16k page, physical 16777216k(97456k free), swap 12582912k(1768576k free)

vm_info: Java HotSpot(TM) 64-Bit Server VM (17.0.7+8-LTS-224) for bsd-aarch64 JRE (17.0.7+8-LTS-224), built on Feb 28 2023 22:59:37 by "mach5one" with clang Apple LLVM 12.0.0 (clang-1200.0.32.29)

END.
